TN:
SF:/home/amrit/Documents/amrit/CBWEBD26-9-18/my-projects/medium-mongo/src/server.js
FN:24,(anonymous_0)
FN:25,(anonymous_1)
FN:54,(anonymous_2)
FNF:3
FNH:0
FNDA:0,(anonymous_0)
FNDA:0,(anonymous_1)
FNDA:0,(anonymous_2)
DA:1,0
DA:2,0
DA:4,0
DA:5,0
DA:6,0
DA:8,0
DA:10,0
DA:12,0
DA:14,0
DA:15,0
DA:16,0
DA:18,0
DA:21,0
DA:22,0
DA:24,0
DA:25,0
DA:28,0
DA:29,0
DA:32,0
DA:51,0
DA:54,0
DA:55,0
LF:22
LH:0
BRDA:54,0,0,0
BRDA:54,0,1,0
BRF:2
BRH:0
end_of_record
TN:
SF:/home/amrit/Documents/amrit/CBWEBD26-9-18/my-projects/medium-mongo/src/config/index.js
FNF:0
FNH:0
DA:1,0
LF:1
LH:0
BRDA:2,0,0,0
BRDA:2,0,1,0
BRF:2
BRH:0
end_of_record
TN:
SF:/home/amrit/Documents/amrit/CBWEBD26-9-18/my-projects/medium-mongo/src/config/passport.js
FN:9,(anonymous_0)
FN:10,(anonymous_1)
FNF:2
FNH:0
FNDA:0,(anonymous_0)
FNDA:0,(anonymous_1)
DA:1,0
DA:2,0
DA:3,0
DA:4,0
DA:6,0
DA:10,0
DA:11,0
DA:12,0
DA:14,0
LF:9
LH:0
BRDA:11,0,0,0
BRDA:11,0,1,0
BRDA:11,1,0,0
BRDA:11,1,1,0
BRF:4
BRH:0
end_of_record
TN:
SF:/home/amrit/Documents/amrit/CBWEBD26-9-18/my-projects/medium-mongo/src/controllers/users.js
FN:4,verifyUser
FNF:1
FNH:0
FNDA:0,verifyUser
DA:1,0
DA:2,0
DA:5,0
DA:6,0
DA:8,0
DA:9,0
DA:12,0
DA:19,0
DA:20,0
DA:23,0
DA:24,0
DA:26,0
DA:27,0
DA:31,0
DA:32,0
DA:35,0
LF:16
LH:0
BRDA:5,0,0,0
BRDA:5,0,1,0
BRDA:8,1,0,0
BRDA:8,1,1,0
BRDA:19,2,0,0
BRDA:19,2,1,0
BRDA:23,3,0,0
BRDA:23,3,1,0
BRF:8
BRH:0
end_of_record
TN:
SF:/home/amrit/Documents/amrit/CBWEBD26-9-18/my-projects/medium-mongo/src/middlewares/auth.js
FN:4,getTokenFromHeader
FNF:1
FNH:0
FNDA:0,getTokenFromHeader
DA:1,0
DA:2,0
DA:5,0
DA:7,0
DA:10,0
DA:13,0
DA:27,0
LF:7
LH:0
BRDA:5,0,0,0
BRDA:5,0,1,0
BRDA:5,1,0,0
BRDA:5,1,1,0
BRDA:5,1,2,0
BRDA:5,1,3,0
BRF:6
BRH:0
end_of_record
TN:
SF:/home/amrit/Documents/amrit/CBWEBD26-9-18/my-projects/medium-mongo/src/models/article.js
FN:20,(anonymous_0)
FN:28,(anonymous_1)
FN:32,(anonymous_2)
FN:48,(anonymous_3)
FN:51,(anonymous_4)
FNF:5
FNH:0
FNDA:0,(anonymous_0)
FNDA:0,(anonymous_1)
FNDA:0,(anonymous_2)
FNDA:0,(anonymous_3)
FNDA:0,(anonymous_4)
DA:1,0
DA:2,0
DA:3,0
DA:4,0
DA:5,0
DA:7,0
DA:18,0
DA:20,0
DA:21,0
DA:22,0
DA:25,0
DA:28,0
DA:29,0
DA:32,0
DA:33,0
DA:48,0
DA:49,0
DA:50,0
DA:52,0
DA:53,0
DA:57,0
LF:21
LH:0
BRDA:21,0,0,0
BRDA:21,0,1,0
BRDA:40,1,0,0
BRDA:40,1,1,0
BRF:4
BRH:0
end_of_record
TN:
SF:/home/amrit/Documents/amrit/CBWEBD26-9-18/my-projects/medium-mongo/src/models/comment.js
FN:10,(anonymous_0)
FNF:1
FNH:0
FNDA:0,(anonymous_0)
DA:1,0
DA:3,0
DA:10,0
DA:11,0
DA:18,0
LF:5
LH:0
BRF:0
BRH:0
end_of_record
TN:
SF:/home/amrit/Documents/amrit/CBWEBD26-9-18/my-projects/medium-mongo/src/models/user.js
FN:20,(anonymous_0)
FN:25,(anonymous_1)
FN:30,(anonymous_2)
FN:42,(anonymous_3)
FN:52,(anonymous_4)
FN:61,(anonymous_5)
FN:68,(anonymous_6)
FN:75,(anonymous_7)
FN:76,(anonymous_8)
FN:81,(anonymous_9)
FN:88,(anonymous_10)
FN:95,(anonymous_11)
FN:96,(anonymous_12)
FNF:13
FNH:0
FNDA:0,(anonymous_0)
FNDA:0,(anonymous_1)
FNDA:0,(anonymous_2)
FNDA:0,(anonymous_3)
FNDA:0,(anonymous_4)
FNDA:0,(anonymous_5)
FNDA:0,(anonymous_6)
FNDA:0,(anonymous_7)
FNDA:0,(anonymous_8)
FNDA:0,(anonymous_9)
FNDA:0,(anonymous_10)
FNDA:0,(anonymous_11)
FNDA:0,(anonymous_12)
DA:1,0
DA:2,0
DA:3,0
DA:4,0
DA:5,0
DA:7,0
DA:18,0
DA:20,0
DA:21,0
DA:22,0
DA:25,0
DA:26,0
DA:27,0
DA:30,0
DA:31,0
DA:32,0
DA:33,0
DA:35,0
DA:42,0
DA:43,0
DA:52,0
DA:53,0
DA:61,0
DA:62,0
DA:63,0
DA:65,0
DA:68,0
DA:70,0
DA:72,0
DA:75,0
DA:76,0
DA:77,0
DA:81,0
DA:82,0
DA:83,0
DA:85,0
DA:88,0
DA:90,0
DA:92,0
DA:95,0
DA:96,0
DA:97,0
DA:101,0
LF:43
LH:0
BRDA:57,0,0,0
BRDA:57,0,1,0
BRDA:62,1,0,0
BRDA:62,1,1,0
BRDA:82,2,0,0
BRDA:82,2,1,0
BRF:6
BRH:0
end_of_record
TN:
SF:/home/amrit/Documents/amrit/CBWEBD26-9-18/my-projects/medium-mongo/src/public/gulpfile.js
FN:9,(anonymous_0)
FN:16,(anonymous_1)
FN:19,(anonymous_2)
FN:27,(anonymous_3)
FN:39,(anonymous_4)
FNF:5
FNH:0
FNDA:0,(anonymous_0)
FNDA:0,(anonymous_1)
FNDA:0,(anonymous_2)
FNDA:0,(anonymous_3)
FNDA:0,(anonymous_4)
DA:1,0
DA:2,0
DA:3,0
DA:4,0
DA:5,0
DA:6,0
DA:7,0
DA:9,0
DA:10,0
DA:16,0
DA:17,0
DA:18,0
DA:21,0
DA:22,0
DA:28,0
DA:29,0
DA:32,0
DA:39,0
DA:41,0
DA:42,0
DA:43,0
DA:44,0
LF:22
LH:0
BRDA:21,0,0,0
BRDA:21,0,1,0
BRF:2
BRH:0
end_of_record
TN:
SF:/home/amrit/Documents/amrit/CBWEBD26-9-18/my-projects/medium-mongo/src/public/bootstrap/Gruntfile.js
FN:8,(anonymous_0)
FN:14,(anonymous_1)
FN:30,(anonymous_2)
FN:31,(anonymous_3)
FN:439,(anonymous_4)
FN:442,(anonymous_5)
FN:481,(anonymous_6)
FN:497,(anonymous_7)
FN:498,(anonymous_8)
FN:521,(anonymous_9)
FN:523,(anonymous_10)
FNF:11
FNH:0
FNDA:0,(anonymous_0)
FNDA:0,(anonymous_1)
FNDA:0,(anonymous_2)
FNDA:0,(anonymous_3)
FNDA:0,(anonymous_4)
FNDA:0,(anonymous_5)
FNDA:0,(anonymous_6)
FNDA:0,(anonymous_7)
FNDA:0,(anonymous_8)
FNDA:0,(anonymous_9)
FNDA:0,(anonymous_10)
DA:8,0
DA:12,0
DA:14,0
DA:15,0
DA:18,0
DA:19,0
DA:20,0
DA:21,0
DA:22,0
DA:23,0
DA:24,0
DA:25,0
DA:27,0
DA:28,0
DA:30,0
DA:31,0
DA:32,0
DA:37,0
DA:431,0
DA:434,0
DA:437,0
DA:439,0
DA:440,0
DA:442,0
DA:443,0
DA:447,0
DA:449,0
DA:452,0
DA:455,0
DA:459,0
DA:462,0
DA:467,0
DA:468,0
DA:469,0
DA:471,0
DA:472,0
DA:475,0
DA:477,0
DA:481,0
DA:482,0
DA:485,0
DA:487,0
DA:490,0
DA:493,0
DA:495,0
DA:497,0
DA:498,0
DA:499,0
DA:501,0
DA:502,0
DA:506,0
DA:507,0
DA:508,0
DA:509,0
DA:510,0
DA:511,0
DA:513,0
DA:516,0
DA:520,0
DA:521,0
DA:522,0
DA:523,0
DA:524,0
DA:525,0
DA:527,0
DA:528,0
DA:529,0
DA:530,0
LF:68
LH:0
BRDA:440,0,0,0
BRDA:440,0,1,0
BRDA:443,1,0,0
BRDA:443,1,1,0
BRDA:449,2,0,0
BRDA:449,2,1,0
BRDA:449,3,0,0
BRDA:449,3,1,0
BRDA:455,4,0,0
BRDA:455,4,1,0
BRDA:455,5,0,0
BRDA:455,5,1,0
BRDA:455,5,2,0
BRDA:462,6,0,0
BRDA:462,6,1,0
BRDA:462,7,0,0
BRDA:462,7,1,0
BRDA:462,7,2,0
BRDA:483,8,0,0
BRDA:483,8,1,0
BRDA:524,9,0,0
BRDA:524,9,1,0
BRF:22
BRH:0
end_of_record
TN:
SF:/home/amrit/Documents/amrit/CBWEBD26-9-18/my-projects/medium-mongo/src/public/bootstrap/package.js
FN:12,(anonymous_0)
FNF:1
FNH:0
FNDA:0,(anonymous_0)
DA:5,0
DA:12,0
DA:13,0
DA:14,0
DA:15,0
LF:5
LH:0
BRF:0
BRH:0
end_of_record
TN:
SF:/home/amrit/Documents/amrit/CBWEBD26-9-18/my-projects/medium-mongo/src/public/bootstrap/dist/js/bootstrap.js
FN:11,(anonymous_0)
FN:19,(anonymous_1)
FN:30,get
FN:32,(anonymous_3)
FN:32,defineProperties
FN:32,(anonymous_5)
FN:34,_inherits
FN:36,_classCallCheck
FN:38,(anonymous_8)
FN:56,toType
FN:60,isElement
FN:64,getSpecialTransitionEndEvent
FN:68,handle
FN:76,transitionEndTest
FN:92,transitionEndEmulator
FN:97,(anonymous_15)
FN:101,(anonymous_16)
FN:110,setTransitionEndSupport
FN:130,getUID
FN:139,getSelectorFromElement
FN:150,reflow
FN:154,triggerTransitionEnd
FN:158,supportsTransitionEnd
FN:162,typeCheckConfig
FN:195,(anonymous_24)
FN:233,(anonymous_25)
FN:234,Alert
FN:253,close
FN:267,dispose
FN:276,_getRootElement
FN:292,_triggerCloseEvent
FN:300,_removeElement
FN:312,_destroyElement
FN:320,_jQueryInterface
FN:321,(anonymous_34)
FN:337,_handleDismiss
FN:338,(anonymous_36)
FN:348,get
FN:366,(anonymous_38)
FN:381,(anonymous_39)
FN:421,(anonymous_40)
FN:422,Button
FN:441,toggle
FN:476,dispose
FN:485,_jQueryInterface
FN:486,(anonymous_45)
FN:501,get
FN:509,(anonymous_47)
FN:519,(anonymous_48)
FN:532,(anonymous_49)
FN:547,(anonymous_50)
FN:619,(anonymous_51)
FN:620,Carousel
FN:650,next
FN:657,nextWhenVisible
FN:665,prev
FN:672,pause
FN:687,cycle
FN:703,to
FN:715,(anonymous_59)
FN:733,dispose
FN:751,_getConfig
FN:758,_addEventListeners
FN:769,_keydown
FN:787,_getItemIndex
FN:793,_getItemByDirection
FN:811,_triggerSlideEvent
FN:823,_setActiveIndicatorElement
FN:836,_slide
FN:883,(anonymous_69)
FN:892,(anonymous_70)
FN:913,_jQueryInterface
FN:914,(anonymous_72)
FN:944,_dataApiClickHandler
FN:974,get
FN:979,get
FN:989,(anonymous_76)
FN:990,(anonymous_77)
FN:1004,(anonymous_78)
FN:1019,(anonymous_79)
FN:1076,(anonymous_80)
FN:1077,Collapse
FN:1109,toggle
FN:1118,show
FN:1168,complete
FN:1192,hide
FN:1222,complete
FN:1238,setTransitioning
FN:1243,dispose
FN:1257,_getConfig
FN:1265,_getDimension
FN:1271,_getParent
FN:1277,(anonymous_92)
FN:1285,_addAriaAndCollapsedClass
FN:1300,_getTargetFromElement
FN:1306,_jQueryInterface
FN:1307,(anonymous_96)
FN:1331,get
FN:1336,get
FN:1344,(anonymous_99)
FN:1362,(anonymous_100)
FN:1377,(anonymous_101)
FN:1424,(anonymous_102)
FN:1425,Dropdown
FN:1446,toggle
FN:1488,dispose
FN:1498,_addEventListeners
FN:1506,_jQueryInterface
FN:1507,(anonymous_108)
FN:1524,_clearMenus
FN:1561,_getParentFromElement
FN:1573,_dataApiKeydownHandler
FN:1601,(anonymous_112)
FN:1629,get
FN:1637,(anonymous_114)
FN:1649,(anonymous_115)
FN:1664,(anonymous_116)
FN:1730,(anonymous_117)
FN:1731,Modal
FN:1758,toggle
FN:1763,show
FN:1788,(anonymous_121)
FN:1789,(anonymous_122)
FN:1800,hide
FN:1834,dispose
FN:1857,_getConfig
FN:1864,_showElement
FN:1891,transitionComplete
FN:1906,_enforceFocus
FN:1910,(anonymous_129)
FN:1918,_setEscapeEvent
FN:1922,(anonymous_131)
FN:1933,_setResizeEvent
FN:1942,_hideModal
FN:1946,(anonymous_134)
FN:1955,_removeBackdrop
FN:1963,_showBackdrop
FN:1980,(anonymous_137)
FN:2014,callbackRemove
FN:2038,_handleUpdate
FN:2043,_adjustDialog
FN:2056,_resetAdjustments
FN:2062,_checkScrollbar
FN:2074,_setScrollbar
FN:2085,_resetScrollbar
FN:2090,_getScrollbarWidth
FN:2104,_jQueryInterface
FN:2105,(anonymous_147)
FN:2126,get
FN:2131,get
FN:2139,(anonymous_150)
FN:2155,(anonymous_151)
FN:2161,(anonymous_152)
FN:2179,(anonymous_153)
FN:2194,(anonymous_154)
FN:2258,(anonymous_155)
FN:2259,ScrollSpy
FN:2290,refresh
FN:2306,(anonymous_158)
FN:2318,(anonymous_159)
FN:2320,(anonymous_160)
FN:2322,(anonymous_161)
FN:2329,dispose
FN:2347,_getConfig
FN:2365,_getScrollTop
FN:2370,_getScrollHeight
FN:2375,_process
FN:2408,_activate
FN:2414,(anonymous_168)
FN:2435,_clear
FN:2443,_jQueryInterface
FN:2444,(anonymous_171)
FN:2463,get
FN:2468,get
FN:2476,(anonymous_174)
FN:2493,(anonymous_175)
FN:2508,(anonymous_176)
FN:2558,(anonymous_177)
FN:2559,Tab
FN:2578,show
FN:2619,complete
FN:2640,dispose
FN:2649,_activate
FN:2667,_transitionComplete
FN:2709,_jQueryInterface
FN:2710,(anonymous_185)
FN:2729,get
FN:2737,(anonymous_187)
FN:2750,(anonymous_188)
FN:2767,(anonymous_189)
FN:2870,(anonymous_190)
FN:2871,Tooltip
FN:2902,enable
FN:2907,disable
FN:2912,toggleEnabled
FN:2917,toggle
FN:2946,dispose
FN:2971,show
FN:3021,complete
FN:3042,hide
FN:3047,complete
FN:3083,isWithContent
FN:3088,getTipElement
FN:3093,setContent
FN:3104,setElementContent
FN:3121,getTitle
FN:3132,cleanupTether
FN:3142,_getAttachment
FN:3147,_setListeners
FN:3152,(anonymous_209)
FN:3174,_fixTitle
FN:3183,_enter
FN:3211,(anonymous_212)
FN:3219,_leave
FN:3246,(anonymous_214)
FN:3254,_isWithActiveTrigger
FN:3265,_getConfig
FN:3281,_getDelegateConfig
FN:3299,_jQueryInterface
FN:3300,(anonymous_219)
FN:3323,get
FN:3328,get
FN:3333,get
FN:3338,get
FN:3343,get
FN:3348,get
FN:3353,get
FN:3363,(anonymous_227)
FN:3378,(anonymous_228)
FN:3433,(anonymous_229)
FN:3436,Popover
FN:3453,isWithContent
FN:3458,getTipElement
FN:3463,setContent
FN:3479,_getContent
FN:3487,_jQueryInterface
FN:3488,(anonymous_236)
FN:3514,get
FN:3519,get
FN:3524,get
FN:3529,get
FN:3534,get
FN:3539,get
FN:3544,get
FN:3554,(anonymous_244)
FNF:245
FNH:0
FNDA:0,(anonymous_0)
FNDA:0,(anonymous_1)
FNDA:0,get
FNDA:0,(anonymous_3)
FNDA:0,defineProperties
FNDA:0,(anonymous_5)
FNDA:0,_inherits
FNDA:0,_classCallCheck
FNDA:0,(anonymous_8)
FNDA:0,toType
FNDA:0,isElement
FNDA:0,getSpecialTransitionEndEvent
FNDA:0,handle
FNDA:0,transitionEndTest
FNDA:0,transitionEndEmulator
FNDA:0,(anonymous_15)
FNDA:0,(anonymous_16)
FNDA:0,setTransitionEndSupport
FNDA:0,getUID
FNDA:0,getSelectorFromElement
FNDA:0,reflow
FNDA:0,triggerTransitionEnd
FNDA:0,supportsTransitionEnd
FNDA:0,typeCheckConfig
FNDA:0,(anonymous_24)
FNDA:0,(anonymous_25)
FNDA:0,Alert
FNDA:0,close
FNDA:0,dispose
FNDA:0,_getRootElement
FNDA:0,_triggerCloseEvent
FNDA:0,_removeElement
FNDA:0,_destroyElement
FNDA:0,_jQueryInterface
FNDA:0,(anonymous_34)
FNDA:0,_handleDismiss
FNDA:0,(anonymous_36)
FNDA:0,get
FNDA:0,(anonymous_38)
FNDA:0,(anonymous_39)
FNDA:0,(anonymous_40)
FNDA:0,Button
FNDA:0,toggle
FNDA:0,dispose
FNDA:0,_jQueryInterface
FNDA:0,(anonymous_45)
FNDA:0,get
FNDA:0,(anonymous_47)
FNDA:0,(anonymous_48)
FNDA:0,(anonymous_49)
FNDA:0,(anonymous_50)
FNDA:0,(anonymous_51)
FNDA:0,Carousel
FNDA:0,next
FNDA:0,nextWhenVisible
FNDA:0,prev
FNDA:0,pause
FNDA:0,cycle
FNDA:0,to
FNDA:0,(anonymous_59)
FNDA:0,dispose
FNDA:0,_getConfig
FNDA:0,_addEventListeners
FNDA:0,_keydown
FNDA:0,_getItemIndex
FNDA:0,_getItemByDirection
FNDA:0,_triggerSlideEvent
FNDA:0,_setActiveIndicatorElement
FNDA:0,_slide
FNDA:0,(anonymous_69)
FNDA:0,(anonymous_70)
FNDA:0,_jQueryInterface
FNDA:0,(anonymous_72)
FNDA:0,_dataApiClickHandler
FNDA:0,get
FNDA:0,get
FNDA:0,(anonymous_76)
FNDA:0,(anonymous_77)
FNDA:0,(anonymous_78)
FNDA:0,(anonymous_79)
FNDA:0,(anonymous_80)
FNDA:0,Collapse
FNDA:0,toggle
FNDA:0,show
FNDA:0,complete
FNDA:0,hide
FNDA:0,complete
FNDA:0,setTransitioning
FNDA:0,dispose
FNDA:0,_getConfig
FNDA:0,_getDimension
FNDA:0,_getParent
FNDA:0,(anonymous_92)
FNDA:0,_addAriaAndCollapsedClass
FNDA:0,_getTargetFromElement
FNDA:0,_jQueryInterface
FNDA:0,(anonymous_96)
FNDA:0,get
FNDA:0,get
FNDA:0,(anonymous_99)
FNDA:0,(anonymous_100)
FNDA:0,(anonymous_101)
FNDA:0,(anonymous_102)
FNDA:0,Dropdown
FNDA:0,toggle
FNDA:0,dispose
FNDA:0,_addEventListeners
FNDA:0,_jQueryInterface
FNDA:0,(anonymous_108)
FNDA:0,_clearMenus
FNDA:0,_getParentFromElement
FNDA:0,_dataApiKeydownHandler
FNDA:0,(anonymous_112)
FNDA:0,get
FNDA:0,(anonymous_114)
FNDA:0,(anonymous_115)
FNDA:0,(anonymous_116)
FNDA:0,(anonymous_117)
FNDA:0,Modal
FNDA:0,toggle
FNDA:0,show
FNDA:0,(anonymous_121)
FNDA:0,(anonymous_122)
FNDA:0,hide
FNDA:0,dispose
FNDA:0,_getConfig
FNDA:0,_showElement
FNDA:0,transitionComplete
FNDA:0,_enforceFocus
FNDA:0,(anonymous_129)
FNDA:0,_setEscapeEvent
FNDA:0,(anonymous_131)
FNDA:0,_setResizeEvent
FNDA:0,_hideModal
FNDA:0,(anonymous_134)
FNDA:0,_removeBackdrop
FNDA:0,_showBackdrop
FNDA:0,(anonymous_137)
FNDA:0,callbackRemove
FNDA:0,_handleUpdate
FNDA:0,_adjustDialog
FNDA:0,_resetAdjustments
FNDA:0,_checkScrollbar
FNDA:0,_setScrollbar
FNDA:0,_resetScrollbar
FNDA:0,_getScrollbarWidth
FNDA:0,_jQueryInterface
FNDA:0,(anonymous_147)
FNDA:0,get
FNDA:0,get
FNDA:0,(anonymous_150)
FNDA:0,(anonymous_151)
FNDA:0,(anonymous_152)
FNDA:0,(anonymous_153)
FNDA:0,(anonymous_154)
FNDA:0,(anonymous_155)
FNDA:0,ScrollSpy
FNDA:0,refresh
FNDA:0,(anonymous_158)
FNDA:0,(anonymous_159)
FNDA:0,(anonymous_160)
FNDA:0,(anonymous_161)
FNDA:0,dispose
FNDA:0,_getConfig
FNDA:0,_getScrollTop
FNDA:0,_getScrollHeight
FNDA:0,_process
FNDA:0,_activate
FNDA:0,(anonymous_168)
FNDA:0,_clear
FNDA:0,_jQueryInterface
FNDA:0,(anonymous_171)
FNDA:0,get
FNDA:0,get
FNDA:0,(anonymous_174)
FNDA:0,(anonymous_175)
FNDA:0,(anonymous_176)
FNDA:0,(anonymous_177)
FNDA:0,Tab
FNDA:0,show
FNDA:0,complete
FNDA:0,dispose
FNDA:0,_activate
FNDA:0,_transitionComplete
FNDA:0,_jQueryInterface
FNDA:0,(anonymous_185)
FNDA:0,get
FNDA:0,(anonymous_187)
FNDA:0,(anonymous_188)
FNDA:0,(anonymous_189)
FNDA:0,(anonymous_190)
FNDA:0,Tooltip
FNDA:0,enable
FNDA:0,disable
FNDA:0,toggleEnabled
FNDA:0,toggle
FNDA:0,dispose
FNDA:0,show
FNDA:0,complete
FNDA:0,hide
FNDA:0,complete
FNDA:0,isWithContent
FNDA:0,getTipElement
FNDA:0,setContent
FNDA:0,setElementContent
FNDA:0,getTitle
FNDA:0,cleanupTether
FNDA:0,_getAttachment
FNDA:0,_setListeners
FNDA:0,(anonymous_209)
FNDA:0,_fixTitle
FNDA:0,_enter
FNDA:0,(anonymous_212)
FNDA:0,_leave
FNDA:0,(anonymous_214)
FNDA:0,_isWithActiveTrigger
FNDA:0,_getConfig
FNDA:0,_getDelegateConfig
FNDA:0,_jQueryInterface
FNDA:0,(anonymous_219)
FNDA:0,get
FNDA:0,get
FNDA:0,get
FNDA:0,get
FNDA:0,get
FNDA:0,get
FNDA:0,get
FNDA:0,(anonymous_227)
FNDA:0,(anonymous_228)
FNDA:0,(anonymous_229)
FNDA:0,Popover
FNDA:0,isWithContent
FNDA:0,getTipElement
FNDA:0,setContent
FNDA:0,_getContent
FNDA:0,_jQueryInterface
FNDA:0,(anonymous_236)
FNDA:0,get
FNDA:0,get
FNDA:0,get
FNDA:0,get
FNDA:0,get
FNDA:0,get
FNDA:0,get
FNDA:0,(anonymous_244)
DA:7,0
DA:8,0
DA:11,0
DA:12,0
DA:13,0
DA:14,0
DA:19,0
DA:30,0
DA:32,0
DA:34,0
DA:36,0
DA:38,0
DA:46,0
DA:48,0
DA:57,0
DA:61,0
DA:65,0
DA:69,0
DA:70,0
DA:77,0
DA:78,0
DA:81,0
DA:83,0
DA:84,0
DA:85,0
DA:89,0
DA:93,0
DA:95,0
DA:97,0
DA:98,0
DA:101,0
DA:102,0
DA:103,0
DA:107,0
DA:111,0
DA:113,0
DA:115,0
DA:116,0
DA:126,0
DA:131,0
DA:133,0
DA:136,0
DA:140,0
DA:142,0
DA:143,0
DA:144,0
DA:147,0
DA:151,0
DA:155,0
DA:159,0
DA:163,0
DA:164,0
DA:165,0
DA:166,0
DA:167,0
DA:169,0
DA:170,0
DA:172,0
DA:175,0
DA:176,0
DA:183,0
DA:185,0
DA:195,0
DA:203,0
DA:204,0
DA:205,0
DA:206,0
DA:207,0
DA:208,0
DA:209,0
DA:211,0
DA:215,0
DA:221,0
DA:233,0
DA:235,0
DA:237,0
DA:248,0
DA:254,0
DA:256,0
DA:257,0
DA:259,0
DA:260,0
DA:263,0
DA:268,0
DA:269,0
DA:277,0
DA:278,0
DA:280,0
DA:281,0
DA:284,0
DA:285,0
DA:288,0
DA:293,0
DA:295,0
DA:296,0
DA:301,0
DA:303,0
DA:304,0
DA:305,0
DA:308,0
DA:313,0
DA:321,0
DA:322,0
DA:323,0
DA:325,0
DA:326,0
DA:327,0
DA:330,0
DA:331,0
DA:338,0
DA:339,0
DA:340,0
DA:343,0
DA:349,0
DA:353,0
DA:356,0
DA:364,0
DA:365,0
DA:366,0
DA:367,0
DA:368,0
DA:371,0
DA:381,0
DA:389,0
DA:390,0
DA:391,0
DA:392,0
DA:393,0
DA:394,0
DA:396,0
DA:402,0
DA:410,0
DA:421,0
DA:423,0
DA:425,0
DA:436,0
DA:442,0
DA:443,0
DA:445,0
DA:446,0
DA:448,0
DA:449,0
DA:450,0
DA:451,0
DA:453,0
DA:455,0
DA:456,0
DA:461,0
DA:462,0
DA:463,0
DA:467,0
DA:470,0
DA:471,0
DA:477,0
DA:478,0
DA:486,0
DA:487,0
DA:489,0
DA:490,0
DA:491,0
DA:494,0
DA:495,0
DA:502,0
DA:506,0
DA:509,0
DA:510,0
DA:512,0
DA:514,0
DA:515,0
DA:518,0
DA:520,0
DA:521,0
DA:530,0
DA:531,0
DA:532,0
DA:533,0
DA:534,0
DA:537,0
DA:547,0
DA:555,0
DA:556,0
DA:557,0
DA:558,0
DA:559,0
DA:560,0
DA:561,0
DA:563,0
DA:571,0
DA:579,0
DA:584,0
DA:594,0
DA:603,0
DA:619,0
DA:621,0
DA:623,0
DA:624,0
DA:625,0
DA:627,0
DA:628,0
DA:630,0
DA:631,0
DA:632,0
DA:634,0
DA:645,0
DA:651,0
DA:652,0
DA:659,0
DA:660,0
DA:666,0
DA:667,0
DA:673,0
DA:674,0
DA:677,0
DA:678,0
DA:679,0
DA:682,0
DA:683,0
DA:688,0
DA:689,0
DA:692,0
DA:693,0
DA:694,0
DA:697,0
DA:698,0
DA:704,0
DA:706,0
DA:708,0
DA:710,0
DA:711,0
DA:714,0
DA:715,0
DA:716,0
DA:718,0
DA:721,0
DA:722,0
DA:723,0
DA:724,0
DA:727,0
DA:729,0
DA:734,0
DA:735,0
DA:737,0
DA:738,0
DA:739,0
DA:740,0
DA:741,0
DA:742,0
DA:743,0
DA:744,0
DA:752,0
DA:753,0
DA:754,0
DA:759,0
DA:760,0
DA:763,0
DA:764,0
DA:770,0
DA:772,0
DA:773,0
DA:776,0
DA:778,0
DA:780,0
DA:782,0
DA:788,0
DA:789,0
DA:794,0
DA:795,0
DA:796,0
DA:797,0
DA:798,0
DA:800,0
DA:801,0
DA:804,0
DA:805,0
DA:807,0
DA:812,0
DA:817,0
DA:819,0
DA:824,0
DA:825,0
DA:827,0
DA:829,0
DA:830,0
DA:837,0
DA:839,0
DA:840,0
DA:842,0
DA:844,0
DA:846,0
DA:847,0
DA:848,0
DA:851,0
DA:852,0
DA:853,0
DA:856,0
DA:858,0
DA:861,0
DA:863,0
DA:864,0
DA:867,0
DA:869,0
DA:874,0
DA:876,0
DA:878,0
DA:880,0
DA:881,0
DA:883,0
DA:884,0
DA:886,0
DA:888,0
DA:890,0
DA:892,0
DA:893,0
DA:897,0
DA:898,0
DA:900,0
DA:901,0
DA:904,0
DA:905,0
DA:914,0
DA:915,0
DA:916,0
DA:918,0
DA:919,0
DA:922,0
DA:924,0
DA:925,0
DA:926,0
DA:929,0
DA:930,0
DA:931,0
DA:932,0
DA:933,0
DA:935,0
DA:936,0
DA:937,0
DA:938,0
DA:945,0
DA:947,0
DA:948,0
DA:951,0
DA:953,0
DA:954,0
DA:957,0
DA:958,0
DA:960,0
DA:961,0
DA:964,0
DA:966,0
DA:967,0
DA:970,0
DA:975,0
DA:980,0
DA:984,0
DA:987,0
DA:989,0
DA:990,0
DA:991,0
DA:992,0
DA:1002,0
DA:1003,0
DA:1004,0
DA:1005,0
DA:1006,0
DA:1009,0
DA:1019,0
DA:1027,0
DA:1028,0
DA:1029,0
DA:1030,0
DA:1031,0
DA:1032,0
DA:1033,0
DA:1035,0
DA:1040,0
DA:1045,0
DA:1053,0
DA:1060,0
DA:1065,0
DA:1076,0
DA:1078,0
DA:1080,0
DA:1081,0
DA:1082,0
DA:1083,0
DA:1085,0
DA:1087,0
DA:1088,0
DA:1091,0
DA:1092,0
DA:1104,0
DA:1110,0
DA:1111,0
DA:1113,0
DA:1119,0
DA:1121,0
DA:1122,0
DA:1125,0
DA:1126,0
DA:1128,0
DA:1129,0
DA:1130,0
DA:1131,0
DA:1135,0
DA:1136,0
DA:1137,0
DA:1138,0
DA:1142,0
DA:1143,0
DA:1144,0
DA:1145,0
DA:1148,0
DA:1149,0
DA:1150,0
DA:1151,0
DA:1155,0
DA:1157,0
DA:1159,0
DA:1160,0
DA:1162,0
DA:1163,0
DA:1166,0
DA:1168,0
DA:1169,0
DA:1171,0
DA:1173,0
DA:1175,0
DA:1178,0
DA:1179,0
DA:1180,0
DA:1183,0
DA:1184,0
DA:1186,0
DA:1188,0
DA:1193,0
DA:1195,0
DA:1196,0
DA:1199,0
DA:1200,0
DA:1201,0
DA:1202,0
DA:1205,0
DA:1206,0
DA:1208,0
DA:1210,0
DA:1212,0
DA:1214,0
DA:1216,0
DA:1217,0
DA:1220,0
DA:1222,0
DA:1223,0
DA:1224,0
DA:1227,0
DA:1229,0
DA:1230,0
DA:1231,0
DA:1234,0
DA:1239,0
DA:1244,0
DA:1246,0
DA:1247,0
DA:1248,0
DA:1249,0
DA:1250,0
DA:1258,0
DA:1259,0
DA:1260,0
DA:1261,0
DA:1266,0
DA:1267,0
DA:1272,0
DA:1274,0
DA:1275,0
DA:1277,0
DA:1278,0
DA:1281,0
DA:1286,0
DA:1287,0
DA:1288,0
DA:1290,0
DA:1291,0
DA:1301,0
DA:1302,0
DA:1307,0
DA:1308,0
DA:1309,0
DA:1310,0
DA:1312,0
DA:1313,0
DA:1316,0
DA:1317,0
DA:1318,0
DA:1321,0
DA:1322,0
DA:1323,0
DA:1325,0
DA:1332,0
DA:1337,0
DA:1341,0
DA:1344,0
DA:1345,0
DA:1347,0
DA:1348,0
DA:1349,0
DA:1351,0
DA:1360,0
DA:1361,0
DA:1362,0
DA:1363,0
DA:1364,0
DA:1367,0
DA:1377,0
DA:1385,0
DA:1386,0
DA:1387,0
DA:1388,0
DA:1389,0
DA:1390,0
DA:1392,0
DA:1402,0
DA:1408,0
DA:1424,0
DA:1426,0
DA:1428,0
DA:1430,0
DA:1441,0
DA:1447,0
DA:1448,0
DA:1451,0
DA:1452,0
DA:1454,0
DA:1456,0
DA:1457,0
DA:1460,0
DA:1463,0
DA:1464,0
DA:1465,0
DA:1466,0
DA:1469,0
DA:1470,0
DA:1472,0
DA:1474,0
DA:1475,0
DA:1478,0
DA:1479,0
DA:1481,0
DA:1482,0
DA:1484,0
DA:1489,0
DA:1490,0
DA:1491,0
DA:1499,0
DA:1507,0
DA:1508,0
DA:1510,0
DA:1511,0
DA:1514,0
DA:1515,0
DA:1516,0
DA:1518,0
DA:1525,0
DA:1526,0
DA:1529,0
DA:1530,0
DA:1531,0
DA:1534,0
DA:1536,0
DA:1537,0
DA:1538,0
DA:1540,0
DA:1541,0
DA:1544,0
DA:1545,0
DA:1548,0
DA:1549,0
DA:1550,0
DA:1551,0
DA:1554,0
DA:1556,0
DA:1562,0
DA:1563,0
DA:1565,0
DA:1566,0
DA:1569,0
DA:1574,0
DA:1575,0
DA:1578,0
DA:1579,0
DA:1581,0
DA:1582,0
DA:1585,0
DA:1586,0
DA:1588,0
DA:1590,0
DA:1591,0
DA:1592,0
DA:1595,0
DA:1596,0
DA:1599,0
DA:1601,0
DA:1602,0
DA:1605,0
DA:1606,0
DA:1609,0
DA:1611,0
DA:1613,0
DA:1616,0
DA:1618,0
DA:1621,0
DA:1622,0
DA:1625,0
DA:1630,0
DA:1634,0
DA:1637,0
DA:1638,0
DA:1647,0
DA:1648,0
DA:1649,0
DA:1650,0
DA:1651,0
DA:1654,0
DA:1664,0
DA:1672,0
DA:1673,0
DA:1674,0
DA:1675,0
DA:1676,0
DA:1677,0
DA:1678,0
DA:1679,0
DA:1681,0
DA:1688,0
DA:1695,0
DA:1709,0
DA:1717,0
DA:1730,0
DA:1732,0
DA:1734,0
DA:1735,0
DA:1736,0
DA:1737,0
DA:1738,0
DA:1739,0
DA:1740,0
DA:1741,0
DA:1742,0
DA:1753,0
DA:1759,0
DA:1764,0
DA:1766,0
DA:1770,0
DA:1772,0
DA:1773,0
DA:1776,0
DA:1778,0
DA:1779,0
DA:1781,0
DA:1783,0
DA:1784,0
DA:1786,0
DA:1788,0
DA:1789,0
DA:1790,0
DA:1791,0
DA:1796,0
DA:1801,0
DA:1802,0
DA:1805,0
DA:1807,0
DA:1809,0
DA:1810,0
DA:1813,0
DA:1815,0
DA:1816,0
DA:1818,0
DA:1820,0
DA:1822,0
DA:1823,0
DA:1825,0
DA:1827,0
DA:1829,0
DA:1835,0
DA:1837,0
DA:1838,0
DA:1839,0
DA:1840,0
DA:1842,0
DA:1843,0
DA:1844,0
DA:1845,0
DA:1846,0
DA:1847,0
DA:1848,0
DA:1849,0
DA:1850,0
DA:1858,0
DA:1859,0
DA:1860,0
DA:1865,0
DA:1867,0
DA:1869,0
DA:1871,0
DA:1874,0
DA:1875,0
DA:1877,0
DA:1878,0
DA:1881,0
DA:1883,0
DA:1884,0
DA:1887,0
DA:1891,0
DA:1892,0
DA:1893,0
DA:1895,0
DA:1898,0
DA:1899,0
DA:1901,0
DA:1907,0
DA:1909,0
DA:1911,0
DA:1912,0
DA:1919,0
DA:1921,0
DA:1922,0
DA:1923,0
DA:1924,0
DA:1927,0
DA:1928,0
DA:1934,0
DA:1935,0
DA:1937,0
DA:1943,0
DA:1945,0
DA:1946,0
DA:1947,0
DA:1948,0
DA:1949,0
DA:1950,0
DA:1956,0
DA:1957,0
DA:1958,0
DA:1964,0
DA:1966,0
DA:1968,0
DA:1969,0
DA:1971,0
DA:1972,0
DA:1974,0
DA:1975,0
DA:1978,0
DA:1980,0
DA:1981,0
DA:1982,0
DA:1983,0
DA:1985,0
DA:1986,0
DA:1988,0
DA:1989,0
DA:1991,0
DA:1995,0
DA:1996,0
DA:1999,0
DA:2001,0
DA:2002,0
DA:2005,0
DA:2006,0
DA:2007,0
DA:2010,0
DA:2011,0
DA:2012,0
DA:2014,0
DA:2015,0
DA:2016,0
DA:2017,0
DA:2021,0
DA:2022,0
DA:2024,0
DA:2026,0
DA:2027,0
DA:2039,0
DA:2044,0
DA:2046,0
DA:2047,0
DA:2050,0
DA:2051,0
DA:2057,0
DA:2058,0
DA:2063,0
DA:2064,0
DA:2066,0
DA:2067,0
DA:2069,0
DA:2070,0
DA:2075,0
DA:2077,0
DA:2079,0
DA:2080,0
DA:2086,0
DA:2092,0
DA:2093,0
DA:2094,0
DA:2095,0
DA:2096,0
DA:2097,0
DA:2105,0
DA:2106,0
DA:2107,0
DA:2109,0
DA:2110,0
DA:2111,0
DA:2114,0
DA:2115,0
DA:2116,0
DA:2118,0
DA:2119,0
DA:2120,0
DA:2127,0
DA:2132,0
DA:2136,0
DA:2139,0
DA:2140,0
DA:2142,0
DA:2143,0
DA:2145,0
DA:2146,0
DA:2149,0
DA:2151,0
DA:2152,0
DA:2155,0
DA:2156,0
DA:2158,0
DA:2161,0
DA:2162,0
DA:2163,0
DA:2168,0
DA:2177,0
DA:2178,0
DA:2179,0
DA:2180,0
DA:2181,0
DA:2184,0
DA:2194,0
DA:2202,0
DA:2203,0
DA:2204,0
DA:2205,0
DA:2206,0
DA:2207,0
DA:2209,0
DA:2215,0
DA:2221,0
DA:2227,0
DA:2235,0
DA:2247,0
DA:2258,0
DA:2260,0
DA:2262,0
DA:2263,0
DA:2264,0
DA:2265,0
DA:2266,0
DA:2267,0
DA:2268,0
DA:2269,0
DA:2271,0
DA:2273,0
DA:2274,0
DA:2285,0
DA:2291,0
DA:2293,0
DA:2295,0
DA:2297,0
DA:2299,0
DA:2300,0
DA:2302,0
DA:2304,0
DA:2306,0
DA:2307,0
DA:2308,0
DA:2310,0
DA:2311,0
DA:2314,0
DA:2316,0
DA:2319,0
DA:2321,0
DA:2323,0
DA:2324,0
DA:2330,0
DA:2331,0
DA:2333,0
DA:2334,0
DA:2335,0
DA:2336,0
DA:2337,0
DA:2338,0
DA:2339,0
DA:2340,0
DA:2348,0
DA:2350,0
DA:2351,0
DA:2352,0
DA:2353,0
DA:2354,0
DA:2356,0
DA:2359,0
DA:2361,0
DA:2366,0
DA:2371,0
DA:2376,0
DA:2377,0
DA:2378,0
DA:2380,0
DA:2381,0
DA:2384,0
DA:2385,0
DA:2387,0
DA:2388,0
DA:2392,0
DA:2393,0
DA:2394,0
DA:2395,0
DA:2398,0
DA:2399,0
DA:2401,0
DA:2402,0
DA:2409,0
DA:2411,0
DA:2413,0
DA:2414,0
DA:2415,0
DA:2418,0
DA:2420,0
DA:2421,0
DA:2422,0
DA:2426,0
DA:2429,0
DA:2436,0
DA:2444,0
DA:2445,0
DA:2446,0
DA:2448,0
DA:2449,0
DA:2450,0
DA:2453,0
DA:2454,0
DA:2455,0
DA:2457,0
DA:2464,0
DA:2469,0
DA:2473,0
DA:2476,0
DA:2477,0
DA:2479,0
DA:2480,0
DA:2481,0
DA:2491,0
DA:2492,0
DA:2493,0
DA:2494,0
DA:2495,0
DA:2498,0
DA:2508,0
DA:2516,0
DA:2517,0
DA:2518,0
DA:2519,0
DA:2520,0
DA:2521,0
DA:2522,0
DA:2524,0
DA:2532,0
DA:2539,0
DA:2558,0
DA:2560,0
DA:2562,0
DA:2573,0
DA:2579,0
DA:2581,0
DA:2582,0
DA:2585,0
DA:2586,0
DA:2587,0
DA:2588,0
DA:2590,0
DA:2591,0
DA:2592,0
DA:2595,0
DA:2599,0
DA:2603,0
DA:2604,0
DA:2607,0
DA:2609,0
DA:2610,0
DA:2613,0
DA:2614,0
DA:2617,0
DA:2619,0
DA:2620,0
DA:2624,0
DA:2628,0
DA:2629,0
DA:2632,0
DA:2633,0
DA:2635,0
DA:2641,0
DA:2642,0
DA:2650,0
DA:2651,0
DA:2653,0
DA:2655,0
DA:2656,0
DA:2658,0
DA:2661,0
DA:2662,0
DA:2668,0
DA:2669,0
DA:2671,0
DA:2673,0
DA:2674,0
DA:2677,0
DA:2680,0
DA:2681,0
DA:2683,0
DA:2684,0
DA:2685,0
DA:2687,0
DA:2690,0
DA:2692,0
DA:2693,0
DA:2694,0
DA:2697,0
DA:2700,0
DA:2701,0
DA:2710,0
DA:2711,0
DA:2712,0
DA:2714,0
DA:2715,0
DA:2716,0
DA:2719,0
DA:2720,0
DA:2721,0
DA:2723,0
DA:2730,0
DA:2734,0
DA:2737,0
DA:2738,0
DA:2739,0
DA:2748,0
DA:2749,0
DA:2750,0
DA:2751,0
DA:2752,0
DA:2755,0
DA:2767,0
DA:2773,0
DA:2774,0
DA:2783,0
DA:2784,0
DA:2785,0
DA:2786,0
DA:2787,0
DA:2788,0
DA:2789,0
DA:2791,0
DA:2804,0
DA:2817,0
DA:2824,0
DA:2829,0
DA:2842,0
DA:2847,0
DA:2852,0
DA:2857,0
DA:2870,0
DA:2872,0
DA:2875,0
DA:2876,0
DA:2877,0
DA:2878,0
DA:2879,0
DA:2882,0
DA:2883,0
DA:2884,0
DA:2886,0
DA:2897,0
DA:2903,0
DA:2908,0
DA:2913,0
DA:2918,0
DA:2919,0
DA:2920,0
DA:2922,0
DA:2923,0
DA:2924,0
DA:2927,0
DA:2929,0
DA:2930,0
DA:2932,0
DA:2936,0
DA:2937,0
DA:2938,0
DA:2941,0
DA:2947,0
DA:2949,0
DA:2951,0
DA:2953,0
DA:2955,0
DA:2956,0
DA:2959,0
DA:2960,0
DA:2961,0
DA:2962,0
DA:2963,0
DA:2965,0
DA:2966,0
DA:2967,0
DA:2972,0
DA:2974,0
DA:2976,0
DA:2977,0
DA:2979,0
DA:2981,0
DA:2982,0
DA:2985,0
DA:2986,0
DA:2988,0
DA:2989,0
DA:2991,0
DA:2993,0
DA:2994,0
DA:2997,0
DA:2999,0
DA:3001,0
DA:3003,0
DA:3005,0
DA:3016,0
DA:3017,0
DA:3019,0
DA:3021,0
DA:3022,0
DA:3023,0
DA:3025,0
DA:3027,0
DA:3028,0
DA:3032,0
DA:3033,0
DA:3034,0
DA:3037,0
DA:3043,0
DA:3045,0
DA:3046,0
DA:3047,0
DA:3048,0
DA:3049,0
DA:3052,0
DA:3053,0
DA:3054,0
DA:3056,0
DA:3057,0
DA:3061,0
DA:3063,0
DA:3064,0
DA:3067,0
DA:3069,0
DA:3071,0
DA:3073,0
DA:3076,0
DA:3084,0
DA:3089,0
DA:3094,0
DA:3096,0
DA:3098,0
DA:3100,0
DA:3105,0
DA:3106,0
DA:3108,0
DA:3109,0
DA:3110,0
DA:3113,0
DA:3116,0
DA:3122,0
DA:3124,0
DA:3125,0
DA:3128,0
DA:3133,0
DA:3134,0
DA:3143,0
DA:3148,0
DA:3150,0
DA:3152,0
DA:3153,0
DA:3154,0
DA:3155,0
DA:3156,0
DA:3157,0
DA:3159,0
DA:3163,0
DA:3164,0
DA:3169,0
DA:3175,0
DA:3176,0
DA:3177,0
DA:3178,0
DA:3184,0
DA:3186,0
DA:3188,0
DA:3189,0
DA:3190,0
DA:3193,0
DA:3194,0
DA:3197,0
DA:3198,0
DA:3199,0
DA:3202,0
DA:3204,0
DA:3206,0
DA:3207,0
DA:3208,0
DA:3211,0
DA:3212,0
DA:3213,0
DA:3220,0
DA:3222,0
DA:3224,0
DA:3225,0
DA:3226,0
DA:3229,0
DA:3230,0
DA:3233,0
DA:3234,0
DA:3237,0
DA:3239,0
DA:3241,0
DA:3242,0
DA:3243,0
DA:3246,0
DA:3247,0
DA:3248,0
DA:3255,0
DA:3256,0
DA:3257,0
DA:3261,0
DA:3266,0
DA:3268,0
DA:3269,0
DA:3275,0
DA:3277,0
DA:3282,0
DA:3284,0
DA:3285,0
DA:3286,0
DA:3287,0
DA:3292,0
DA:3300,0
DA:3301,0
DA:3302,0
DA:3304,0
DA:3305,0
DA:3308,0
DA:3309,0
DA:3310,0
DA:3313,0
DA:3314,0
DA:3315,0
DA:3317,0
DA:3324,0
DA:3329,0
DA:3334,0
DA:3339,0
DA:3344,0
DA:3349,0
DA:3354,0
DA:3358,0
DA:3361,0
DA:3362,0
DA:3363,0
DA:3364,0
DA:3365,0
DA:3368,0
DA:3378,0
DA:3386,0
DA:3387,0
DA:3388,0
DA:3389,0
DA:3390,0
DA:3392,0
DA:3399,0
DA:3403,0
DA:3408,0
DA:3414,0
DA:3433,0
DA:3434,0
DA:3437,0
DA:3439,0
DA:3448,0
DA:3454,0
DA:3459,0
DA:3464,0
DA:3467,0
DA:3468,0
DA:3470,0
DA:3472,0
DA:3480,0
DA:3488,0
DA:3489,0
DA:3490,0
DA:3492,0
DA:3493,0
DA:3496,0
DA:3497,0
DA:3498,0
DA:3501,0
DA:3502,0
DA:3503,0
DA:3505,0
DA:3515,0
DA:3520,0
DA:3525,0
DA:3530,0
DA:3535,0
DA:3540,0
DA:3545,0
DA:3549,0
DA:3552,0
DA:3553,0
DA:3554,0
DA:3555,0
DA:3556,0
DA:3559,0
LF:1330
LH:0
BRDA:7,0,0,0
BRDA:7,0,1,0
BRDA:13,1,0,0
BRDA:13,1,1,0
BRDA:13,2,0,0
BRDA:13,2,1,0
BRDA:13,2,2,0
BRDA:13,2,3,0
BRDA:13,2,4,0
BRDA:13,2,5,0
BRDA:30,3,0,0
BRDA:30,3,1,0
BRDA:30,4,0,0
BRDA:30,4,1,0
BRDA:30,5,0,0
BRDA:30,5,1,0
BRDA:30,6,0,0
BRDA:30,6,1,0
BRDA:30,7,0,0
BRDA:30,7,1,0
BRDA:32,8,0,0
BRDA:32,8,1,0
BRDA:32,9,0,0
BRDA:32,9,1,0
BRDA:32,10,0,0
BRDA:32,10,1,0
BRDA:32,11,0,0
BRDA:32,11,1,0
BRDA:34,12,0,0
BRDA:34,12,1,0
BRDA:34,13,0,0
BRDA:34,13,1,0
BRDA:34,14,0,0
BRDA:34,14,1,0
BRDA:34,15,0,0
BRDA:34,15,1,0
BRDA:34,16,0,0
BRDA:34,16,1,0
BRDA:36,17,0,0
BRDA:36,17,1,0
BRDA:61,18,0,0
BRDA:61,18,1,0
BRDA:69,19,0,0
BRDA:69,19,1,0
BRDA:77,20,0,0
BRDA:77,20,1,0
BRDA:84,21,0,0
BRDA:84,21,1,0
BRDA:102,22,0,0
BRDA:102,22,1,0
BRDA:115,23,0,0
BRDA:115,23,1,0
BRDA:142,24,0,0
BRDA:142,24,1,0
BRDA:143,25,0,0
BRDA:143,25,1,0
BRDA:144,26,0,0
BRDA:144,26,1,0
BRDA:164,27,0,0
BRDA:164,27,1,0
BRDA:169,28,0,0
BRDA:169,28,1,0
BRDA:169,29,0,0
BRDA:169,29,1,0
BRDA:175,30,0,0
BRDA:175,30,1,0
BRDA:254,31,0,0
BRDA:254,31,1,0
BRDA:259,32,0,0
BRDA:259,32,1,0
BRDA:280,33,0,0
BRDA:280,33,1,0
BRDA:284,34,0,0
BRDA:284,34,1,0
BRDA:303,35,0,0
BRDA:303,35,1,0
BRDA:303,36,0,0
BRDA:303,36,1,0
BRDA:325,37,0,0
BRDA:325,37,1,0
BRDA:330,38,0,0
BRDA:330,38,1,0
BRDA:339,39,0,0
BRDA:339,39,1,0
BRDA:445,40,0,0
BRDA:445,40,1,0
BRDA:448,41,0,0
BRDA:448,41,1,0
BRDA:449,42,0,0
BRDA:449,42,1,0
BRDA:450,43,0,0
BRDA:450,43,1,0
BRDA:450,44,0,0
BRDA:450,44,1,0
BRDA:455,45,0,0
BRDA:455,45,1,0
BRDA:461,46,0,0
BRDA:461,46,1,0
BRDA:470,47,0,0
BRDA:470,47,1,0
BRDA:489,48,0,0
BRDA:489,48,1,0
BRDA:494,49,0,0
BRDA:494,49,1,0
BRDA:514,50,0,0
BRDA:514,50,1,0
BRDA:651,51,0,0
BRDA:651,51,1,0
BRDA:659,52,0,0
BRDA:659,52,1,0
BRDA:666,53,0,0
BRDA:666,53,1,0
BRDA:673,54,0,0
BRDA:673,54,1,0
BRDA:677,55,0,0
BRDA:677,55,1,0
BRDA:677,56,0,0
BRDA:677,56,1,0
BRDA:688,57,0,0
BRDA:688,57,1,0
BRDA:692,58,0,0
BRDA:692,58,1,0
BRDA:697,59,0,0
BRDA:697,59,1,0
BRDA:697,60,0,0
BRDA:697,60,1,0
BRDA:698,61,0,0
BRDA:698,61,1,0
BRDA:710,62,0,0
BRDA:710,62,1,0
BRDA:710,63,0,0
BRDA:710,63,1,0
BRDA:714,64,0,0
BRDA:714,64,1,0
BRDA:721,65,0,0
BRDA:721,65,1,0
BRDA:727,66,0,0
BRDA:727,66,1,0
BRDA:759,67,0,0
BRDA:759,67,1,0
BRDA:763,68,0,0
BRDA:763,68,1,0
BRDA:763,69,0,0
BRDA:763,69,1,0
BRDA:772,70,0,0
BRDA:772,70,1,0
BRDA:776,71,0,0
BRDA:776,71,1,0
BRDA:776,71,2,0
BRDA:798,72,0,0
BRDA:798,72,1,0
BRDA:798,72,2,0
BRDA:798,72,3,0
BRDA:800,73,0,0
BRDA:800,73,1,0
BRDA:800,74,0,0
BRDA:800,74,1,0
BRDA:804,75,0,0
BRDA:804,75,1,0
BRDA:807,76,0,0
BRDA:807,76,1,0
BRDA:824,77,0,0
BRDA:824,77,1,0
BRDA:829,78,0,0
BRDA:829,78,1,0
BRDA:840,79,0,0
BRDA:840,79,1,0
BRDA:840,79,2,0
BRDA:844,80,0,0
BRDA:844,80,1,0
BRDA:846,81,0,0
BRDA:846,81,1,0
BRDA:846,82,0,0
BRDA:846,82,1,0
BRDA:852,83,0,0
BRDA:852,83,1,0
BRDA:856,84,0,0
BRDA:856,84,1,0
BRDA:856,85,0,0
BRDA:856,85,1,0
BRDA:863,86,0,0
BRDA:863,86,1,0
BRDA:874,87,0,0
BRDA:874,87,1,0
BRDA:874,88,0,0
BRDA:874,88,1,0
BRDA:904,89,0,0
BRDA:904,89,1,0
BRDA:918,90,0,0
BRDA:918,90,1,0
BRDA:922,91,0,0
BRDA:922,91,1,0
BRDA:924,92,0,0
BRDA:924,92,1,0
BRDA:929,93,0,0
BRDA:929,93,1,0
BRDA:931,94,0,0
BRDA:931,94,1,0
BRDA:932,95,0,0
BRDA:932,95,1,0
BRDA:936,96,0,0
BRDA:936,96,1,0
BRDA:947,97,0,0
BRDA:947,97,1,0
BRDA:953,98,0,0
BRDA:953,98,1,0
BRDA:953,99,0,0
BRDA:953,99,1,0
BRDA:960,100,0,0
BRDA:960,100,1,0
BRDA:966,101,0,0
BRDA:966,101,1,0
BRDA:1085,102,0,0
BRDA:1085,102,1,0
BRDA:1087,103,0,0
BRDA:1087,103,1,0
BRDA:1091,104,0,0
BRDA:1091,104,1,0
BRDA:1110,105,0,0
BRDA:1110,105,1,0
BRDA:1121,106,0,0
BRDA:1121,106,1,0
BRDA:1121,107,0,0
BRDA:1121,107,1,0
BRDA:1128,108,0,0
BRDA:1128,108,1,0
BRDA:1130,109,0,0
BRDA:1130,109,1,0
BRDA:1135,110,0,0
BRDA:1135,110,1,0
BRDA:1137,111,0,0
BRDA:1137,111,1,0
BRDA:1137,112,0,0
BRDA:1137,112,1,0
BRDA:1144,113,0,0
BRDA:1144,113,1,0
BRDA:1148,114,0,0
BRDA:1148,114,1,0
BRDA:1150,115,0,0
BRDA:1150,115,1,0
BRDA:1162,116,0,0
BRDA:1162,116,1,0
BRDA:1178,117,0,0
BRDA:1178,117,1,0
BRDA:1195,118,0,0
BRDA:1195,118,1,0
BRDA:1195,119,0,0
BRDA:1195,119,1,0
BRDA:1201,120,0,0
BRDA:1201,120,1,0
BRDA:1206,121,0,0
BRDA:1206,121,1,0
BRDA:1216,122,0,0
BRDA:1216,122,1,0
BRDA:1229,123,0,0
BRDA:1229,123,1,0
BRDA:1267,124,0,0
BRDA:1267,124,1,0
BRDA:1286,125,0,0
BRDA:1286,125,1,0
BRDA:1290,126,0,0
BRDA:1290,126,1,0
BRDA:1302,127,0,0
BRDA:1302,127,1,0
BRDA:1310,128,0,0
BRDA:1310,128,1,0
BRDA:1312,129,0,0
BRDA:1312,129,1,0
BRDA:1312,130,0,0
BRDA:1312,130,1,0
BRDA:1312,130,2,0
BRDA:1316,131,0,0
BRDA:1316,131,1,0
BRDA:1321,132,0,0
BRDA:1321,132,1,0
BRDA:1322,133,0,0
BRDA:1322,133,1,0
BRDA:1349,134,0,0
BRDA:1349,134,1,0
BRDA:1447,135,0,0
BRDA:1447,135,1,0
BRDA:1447,136,0,0
BRDA:1447,136,1,0
BRDA:1456,137,0,0
BRDA:1456,137,1,0
BRDA:1460,138,0,0
BRDA:1460,138,1,0
BRDA:1460,139,0,0
BRDA:1460,139,1,0
BRDA:1474,140,0,0
BRDA:1474,140,1,0
BRDA:1510,141,0,0
BRDA:1510,141,1,0
BRDA:1514,142,0,0
BRDA:1514,142,1,0
BRDA:1515,143,0,0
BRDA:1515,143,1,0
BRDA:1525,144,0,0
BRDA:1525,144,1,0
BRDA:1525,145,0,0
BRDA:1525,145,1,0
BRDA:1530,146,0,0
BRDA:1530,146,1,0
BRDA:1540,147,0,0
BRDA:1540,147,1,0
BRDA:1544,148,0,0
BRDA:1544,148,1,0
BRDA:1544,149,0,0
BRDA:1544,149,1,0
BRDA:1544,149,2,0
BRDA:1544,149,3,0
BRDA:1550,150,0,0
BRDA:1550,150,1,0
BRDA:1565,151,0,0
BRDA:1565,151,1,0
BRDA:1569,152,0,0
BRDA:1569,152,1,0
BRDA:1574,153,0,0
BRDA:1574,153,1,0
BRDA:1574,154,0,0
BRDA:1574,154,1,0
BRDA:1581,155,0,0
BRDA:1581,155,1,0
BRDA:1581,156,0,0
BRDA:1581,156,1,0
BRDA:1588,157,0,0
BRDA:1588,157,1,0
BRDA:1588,158,0,0
BRDA:1588,158,1,0
BRDA:1588,158,2,0
BRDA:1588,158,3,0
BRDA:1590,159,0,0
BRDA:1590,159,1,0
BRDA:1602,160,0,0
BRDA:1602,160,1,0
BRDA:1605,161,0,0
BRDA:1605,161,1,0
BRDA:1611,162,0,0
BRDA:1611,162,1,0
BRDA:1611,163,0,0
BRDA:1611,163,1,0
BRDA:1616,164,0,0
BRDA:1616,164,1,0
BRDA:1616,165,0,0
BRDA:1616,165,1,0
BRDA:1621,166,0,0
BRDA:1621,166,1,0
BRDA:1759,167,0,0
BRDA:1759,167,1,0
BRDA:1772,168,0,0
BRDA:1772,168,1,0
BRDA:1772,169,0,0
BRDA:1772,169,1,0
BRDA:1790,170,0,0
BRDA:1790,170,1,0
BRDA:1801,171,0,0
BRDA:1801,171,1,0
BRDA:1809,172,0,0
BRDA:1809,172,1,0
BRDA:1809,173,0,0
BRDA:1809,173,1,0
BRDA:1825,174,0,0
BRDA:1825,174,1,0
BRDA:1825,175,0,0
BRDA:1825,175,1,0
BRDA:1867,176,0,0
BRDA:1867,176,1,0
BRDA:1869,177,0,0
BRDA:1869,177,1,0
BRDA:1869,178,0,0
BRDA:1869,178,1,0
BRDA:1877,179,0,0
BRDA:1877,179,1,0
BRDA:1883,180,0,0
BRDA:1883,180,1,0
BRDA:1892,181,0,0
BRDA:1892,181,1,0
BRDA:1898,182,0,0
BRDA:1898,182,1,0
BRDA:1911,183,0,0
BRDA:1911,183,1,0
BRDA:1911,184,0,0
BRDA:1911,184,1,0
BRDA:1911,184,2,0
BRDA:1921,185,0,0
BRDA:1921,185,1,0
BRDA:1921,186,0,0
BRDA:1921,186,1,0
BRDA:1923,187,0,0
BRDA:1923,187,1,0
BRDA:1927,188,0,0
BRDA:1927,188,1,0
BRDA:1934,189,0,0
BRDA:1934,189,1,0
BRDA:1956,190,0,0
BRDA:1956,190,1,0
BRDA:1966,191,0,0
BRDA:1966,191,1,0
BRDA:1968,192,0,0
BRDA:1968,192,1,0
BRDA:1968,193,0,0
BRDA:1968,193,1,0
BRDA:1969,194,0,0
BRDA:1969,194,1,0
BRDA:1974,195,0,0
BRDA:1974,195,1,0
BRDA:1981,196,0,0
BRDA:1981,196,1,0
BRDA:1985,197,0,0
BRDA:1985,197,1,0
BRDA:1988,198,0,0
BRDA:1988,198,1,0
BRDA:1995,199,0,0
BRDA:1995,199,1,0
BRDA:2001,200,0,0
BRDA:2001,200,1,0
BRDA:2005,201,0,0
BRDA:2005,201,1,0
BRDA:2011,202,0,0
BRDA:2011,202,1,0
BRDA:2011,203,0,0
BRDA:2011,203,1,0
BRDA:2016,204,0,0
BRDA:2016,204,1,0
BRDA:2021,205,0,0
BRDA:2021,205,1,0
BRDA:2021,206,0,0
BRDA:2021,206,1,0
BRDA:2026,207,0,0
BRDA:2026,207,1,0
BRDA:2046,208,0,0
BRDA:2046,208,1,0
BRDA:2046,209,0,0
BRDA:2046,209,1,0
BRDA:2050,210,0,0
BRDA:2050,210,1,0
BRDA:2050,211,0,0
BRDA:2050,211,1,0
BRDA:2064,212,0,0
BRDA:2064,212,1,0
BRDA:2075,213,0,0
BRDA:2075,213,1,0
BRDA:2077,214,0,0
BRDA:2077,214,1,0
BRDA:2079,215,0,0
BRDA:2079,215,1,0
BRDA:2107,216,0,0
BRDA:2107,216,1,0
BRDA:2109,217,0,0
BRDA:2109,217,1,0
BRDA:2114,218,0,0
BRDA:2114,218,1,0
BRDA:2115,219,0,0
BRDA:2115,219,1,0
BRDA:2119,220,0,0
BRDA:2119,220,1,0
BRDA:2145,221,0,0
BRDA:2145,221,1,0
BRDA:2149,222,0,0
BRDA:2149,222,1,0
BRDA:2151,223,0,0
BRDA:2151,223,1,0
BRDA:2156,224,0,0
BRDA:2156,224,1,0
BRDA:2162,225,0,0
BRDA:2162,225,1,0
BRDA:2263,226,0,0
BRDA:2263,226,1,0
BRDA:2293,227,0,0
BRDA:2293,227,1,0
BRDA:2295,228,0,0
BRDA:2295,228,1,0
BRDA:2297,229,0,0
BRDA:2297,229,1,0
BRDA:2310,230,0,0
BRDA:2310,230,1,0
BRDA:2314,231,0,0
BRDA:2314,231,1,0
BRDA:2314,232,0,0
BRDA:2314,232,1,0
BRDA:2314,232,2,0
BRDA:2350,233,0,0
BRDA:2350,233,1,0
BRDA:2352,234,0,0
BRDA:2352,234,1,0
BRDA:2366,235,0,0
BRDA:2366,235,1,0
BRDA:2371,236,0,0
BRDA:2371,236,1,0
BRDA:2380,237,0,0
BRDA:2380,237,1,0
BRDA:2384,238,0,0
BRDA:2384,238,1,0
BRDA:2387,239,0,0
BRDA:2387,239,1,0
BRDA:2392,240,0,0
BRDA:2392,240,1,0
BRDA:2392,241,0,0
BRDA:2392,241,1,0
BRDA:2399,242,0,0
BRDA:2399,242,1,0
BRDA:2399,242,2,0
BRDA:2399,242,3,0
BRDA:2401,243,0,0
BRDA:2401,243,1,0
BRDA:2420,244,0,0
BRDA:2420,244,1,0
BRDA:2446,245,0,0
BRDA:2446,245,1,0
BRDA:2446,245,2,0
BRDA:2448,246,0,0
BRDA:2448,246,1,0
BRDA:2453,247,0,0
BRDA:2453,247,1,0
BRDA:2454,248,0,0
BRDA:2454,248,1,0
BRDA:2581,249,0,0
BRDA:2581,249,1,0
BRDA:2581,250,0,0
BRDA:2581,250,1,0
BRDA:2581,250,2,0
BRDA:2590,251,0,0
BRDA:2590,251,1,0
BRDA:2603,252,0,0
BRDA:2603,252,1,0
BRDA:2609,253,0,0
BRDA:2609,253,1,0
BRDA:2609,254,0,0
BRDA:2609,254,1,0
BRDA:2613,255,0,0
BRDA:2613,255,1,0
BRDA:2632,256,0,0
BRDA:2632,256,1,0
BRDA:2651,257,0,0
BRDA:2651,257,1,0
BRDA:2651,257,2,0
BRDA:2651,257,3,0
BRDA:2651,257,4,0
BRDA:2655,258,0,0
BRDA:2655,258,1,0
BRDA:2655,259,0,0
BRDA:2655,259,1,0
BRDA:2661,260,0,0
BRDA:2661,260,1,0
BRDA:2668,261,0,0
BRDA:2668,261,1,0
BRDA:2673,262,0,0
BRDA:2673,262,1,0
BRDA:2683,263,0,0
BRDA:2683,263,1,0
BRDA:2690,264,0,0
BRDA:2690,264,1,0
BRDA:2690,265,0,0
BRDA:2690,265,1,0
BRDA:2693,266,0,0
BRDA:2693,266,1,0
BRDA:2700,267,0,0
BRDA:2700,267,1,0
BRDA:2714,268,0,0
BRDA:2714,268,1,0
BRDA:2719,269,0,0
BRDA:2719,269,1,0
BRDA:2720,270,0,0
BRDA:2720,270,1,0
BRDA:2773,271,0,0
BRDA:2773,271,1,0
BRDA:2918,272,0,0
BRDA:2918,272,1,0
BRDA:2922,273,0,0
BRDA:2922,273,1,0
BRDA:2929,274,0,0
BRDA:2929,274,1,0
BRDA:2936,275,0,0
BRDA:2936,275,1,0
BRDA:2955,276,0,0
BRDA:2955,276,1,0
BRDA:2976,277,0,0
BRDA:2976,277,1,0
BRDA:2976,278,0,0
BRDA:2976,278,1,0
BRDA:2981,279,0,0
BRDA:2981,279,1,0
BRDA:2981,280,0,0
BRDA:2981,280,1,0
BRDA:2993,281,0,0
BRDA:2993,281,1,0
BRDA:2997,282,0,0
BRDA:2997,282,1,0
BRDA:3027,283,0,0
BRDA:3027,283,1,0
BRDA:3032,284,0,0
BRDA:3032,284,1,0
BRDA:3032,285,0,0
BRDA:3032,285,1,0
BRDA:3048,286,0,0
BRDA:3048,286,1,0
BRDA:3048,287,0,0
BRDA:3048,287,1,0
BRDA:3056,288,0,0
BRDA:3056,288,1,0
BRDA:3063,289,0,0
BRDA:3063,289,1,0
BRDA:3069,290,0,0
BRDA:3069,290,1,0
BRDA:3069,291,0,0
BRDA:3069,291,1,0
BRDA:3089,292,0,0
BRDA:3089,292,1,0
BRDA:3106,293,0,0
BRDA:3106,293,1,0
BRDA:3106,294,0,0
BRDA:3106,294,1,0
BRDA:3106,294,2,0
BRDA:3108,295,0,0
BRDA:3108,295,1,0
BRDA:3109,296,0,0
BRDA:3109,296,1,0
BRDA:3116,297,0,0
BRDA:3116,297,1,0
BRDA:3124,298,0,0
BRDA:3124,298,1,0
BRDA:3125,299,0,0
BRDA:3125,299,1,0
BRDA:3133,300,0,0
BRDA:3133,300,1,0
BRDA:3153,301,0,0
BRDA:3153,301,1,0
BRDA:3155,302,0,0
BRDA:3155,302,1,0
BRDA:3156,303,0,0
BRDA:3156,303,1,0
BRDA:3157,304,0,0
BRDA:3157,304,1,0
BRDA:3163,305,0,0
BRDA:3163,305,1,0
BRDA:3176,306,0,0
BRDA:3176,306,1,0
BRDA:3176,307,0,0
BRDA:3176,307,1,0
BRDA:3177,308,0,0
BRDA:3177,308,1,0
BRDA:3186,309,0,0
BRDA:3186,309,1,0
BRDA:3188,310,0,0
BRDA:3188,310,1,0
BRDA:3193,311,0,0
BRDA:3193,311,1,0
BRDA:3194,312,0,0
BRDA:3194,312,1,0
BRDA:3197,313,0,0
BRDA:3197,313,1,0
BRDA:3197,314,0,0
BRDA:3197,314,1,0
BRDA:3206,315,0,0
BRDA:3206,315,1,0
BRDA:3206,316,0,0
BRDA:3206,316,1,0
BRDA:3212,317,0,0
BRDA:3212,317,1,0
BRDA:3222,318,0,0
BRDA:3222,318,1,0
BRDA:3224,319,0,0
BRDA:3224,319,1,0
BRDA:3229,320,0,0
BRDA:3229,320,1,0
BRDA:3230,321,0,0
BRDA:3230,321,1,0
BRDA:3233,322,0,0
BRDA:3233,322,1,0
BRDA:3241,323,0,0
BRDA:3241,323,1,0
BRDA:3241,324,0,0
BRDA:3241,324,1,0
BRDA:3247,325,0,0
BRDA:3247,325,1,0
BRDA:3256,326,0,0
BRDA:3256,326,1,0
BRDA:3268,327,0,0
BRDA:3268,327,1,0
BRDA:3268,328,0,0
BRDA:3268,328,1,0
BRDA:3284,329,0,0
BRDA:3284,329,1,0
BRDA:3286,330,0,0
BRDA:3286,330,1,0
BRDA:3302,331,0,0
BRDA:3302,331,1,0
BRDA:3304,332,0,0
BRDA:3304,332,1,0
BRDA:3304,333,0,0
BRDA:3304,333,1,0
BRDA:3308,334,0,0
BRDA:3308,334,1,0
BRDA:3313,335,0,0
BRDA:3313,335,1,0
BRDA:3314,336,0,0
BRDA:3314,336,1,0
BRDA:3454,337,0,0
BRDA:3454,337,1,0
BRDA:3459,338,0,0
BRDA:3459,338,1,0
BRDA:3480,339,0,0
BRDA:3480,339,1,0
BRDA:3480,340,0,0
BRDA:3480,340,1,0
BRDA:3490,341,0,0
BRDA:3490,341,1,0
BRDA:3492,342,0,0
BRDA:3492,342,1,0
BRDA:3492,343,0,0
BRDA:3492,343,1,0
BRDA:3496,344,0,0
BRDA:3496,344,1,0
BRDA:3501,345,0,0
BRDA:3501,345,1,0
BRDA:3502,346,0,0
BRDA:3502,346,1,0
BRF:717
BRH:0
end_of_record
TN:
SF:/home/amrit/Documents/amrit/CBWEBD26-9-18/my-projects/medium-mongo/src/public/bootstrap/dist/js/bootstrap.min.js
FN:6,(anonymous_0)
FN:6,(anonymous_1)
FN:6,b
FN:6,c
FN:6,(anonymous_4)
FN:6,(anonymous_5)
FN:6,a
FN:6,(anonymous_7)
FN:6,(anonymous_8)
FN:6,b
FN:6,c
FN:6,d
FN:6,(anonymous_12)
FN:6,e
FN:6,f
FN:6,(anonymous_15)
FN:6,(anonymous_16)
FN:6,g
FN:6,(anonymous_18)
FN:6,(anonymous_19)
FN:6,(anonymous_20)
FN:6,(anonymous_21)
FN:6,(anonymous_22)
FN:6,(anonymous_23)
FN:6,(anonymous_24)
FN:6,(anonymous_25)
FN:6,b
FN:6,(anonymous_27)
FN:6,(anonymous_28)
FN:6,(anonymous_29)
FN:6,(anonymous_30)
FN:6,(anonymous_31)
FN:6,(anonymous_32)
FN:6,(anonymous_33)
FN:6,(anonymous_34)
FN:6,(anonymous_35)
FN:6,(anonymous_36)
FN:6,(anonymous_37)
FN:6,(anonymous_38)
FN:6,(anonymous_39)
FN:6,(anonymous_40)
FN:6,b
FN:6,(anonymous_42)
FN:6,(anonymous_43)
FN:6,(anonymous_44)
FN:6,(anonymous_45)
FN:6,(anonymous_46)
FN:6,(anonymous_47)
FN:6,(anonymous_48)
FN:6,(anonymous_49)
FN:6,(anonymous_50)
FN:6,(anonymous_51)
FN:6,i
FN:6,(anonymous_53)
FN:6,(anonymous_54)
FN:6,(anonymous_55)
FN:6,(anonymous_56)
FN:6,(anonymous_57)
FN:6,(anonymous_58)
FN:6,(anonymous_59)
FN:6,(anonymous_60)
FN:6,(anonymous_61)
FN:6,(anonymous_62)
FN:6,(anonymous_63)
FN:6,(anonymous_64)
FN:6,(anonymous_65)
FN:6,(anonymous_66)
FN:6,(anonymous_67)
FN:6,(anonymous_68)
FN:6,(anonymous_69)
FN:6,(anonymous_70)
FN:6,(anonymous_71)
FN:6,(anonymous_72)
FN:6,(anonymous_73)
FN:6,(anonymous_74)
FN:6,(anonymous_75)
FN:6,(anonymous_76)
FN:6,(anonymous_77)
FN:6,(anonymous_78)
FN:6,(anonymous_79)
FN:6,(anonymous_80)
FN:6,h
FN:6,(anonymous_82)
FN:6,(anonymous_83)
FN:6,(anonymous_84)
FN:6,(anonymous_85)
FN:6,(anonymous_86)
FN:6,(anonymous_87)
FN:6,(anonymous_88)
FN:6,(anonymous_89)
FN:6,(anonymous_90)
FN:6,(anonymous_91)
FN:6,(anonymous_92)
FN:6,(anonymous_93)
FN:6,(anonymous_94)
FN:6,(anonymous_95)
FN:6,(anonymous_96)
FN:6,(anonymous_97)
FN:6,(anonymous_98)
FN:6,(anonymous_99)
FN:6,(anonymous_100)
FN:6,(anonymous_101)
FN:6,(anonymous_102)
FN:6,b
FN:6,(anonymous_104)
FN:6,(anonymous_105)
FN:6,(anonymous_106)
FN:6,(anonymous_107)
FN:6,(anonymous_108)
FN:6,(anonymous_109)
FN:6,(anonymous_110)
FN:6,(anonymous_111)
FN:6,(anonymous_112)
FN:6,(anonymous_113)
FN:6,(anonymous_114)
FN:6,(anonymous_115)
FN:6,(anonymous_116)
FN:6,(anonymous_117)
FN:6,i
FN:6,(anonymous_119)
FN:6,(anonymous_120)
FN:6,(anonymous_121)
FN:6,(anonymous_122)
FN:6,(anonymous_123)
FN:6,(anonymous_124)
FN:6,(anonymous_125)
FN:6,(anonymous_126)
FN:6,(anonymous_127)
FN:6,(anonymous_128)
FN:6,(anonymous_129)
FN:6,(anonymous_130)
FN:6,(anonymous_131)
FN:6,(anonymous_132)
FN:6,(anonymous_133)
FN:6,(anonymous_134)
FN:6,(anonymous_135)
FN:6,(anonymous_136)
FN:6,(anonymous_137)
FN:6,(anonymous_138)
FN:6,(anonymous_139)
FN:6,(anonymous_140)
FN:6,(anonymous_141)
FN:6,(anonymous_142)
FN:6,(anonymous_143)
FN:6,(anonymous_144)
FN:6,(anonymous_145)
FN:6,(anonymous_146)
FN:6,(anonymous_147)
FN:6,(anonymous_148)
FN:6,(anonymous_149)
FN:6,(anonymous_150)
FN:6,(anonymous_151)
FN:6,(anonymous_152)
FN:6,(anonymous_153)
FN:6,(anonymous_154)
FN:6,(anonymous_155)
FN:6,i
FN:6,(anonymous_157)
FN:6,(anonymous_158)
FN:6,(anonymous_159)
FN:6,(anonymous_160)
FN:6,(anonymous_161)
FN:6,(anonymous_162)
FN:6,(anonymous_163)
FN:6,(anonymous_164)
FN:6,(anonymous_165)
FN:6,(anonymous_166)
FN:6,(anonymous_167)
FN:6,(anonymous_168)
FN:6,(anonymous_169)
FN:6,(anonymous_170)
FN:6,(anonymous_171)
FN:6,(anonymous_172)
FN:6,(anonymous_173)
FN:6,(anonymous_174)
FN:6,(anonymous_175)
FN:6,(anonymous_176)
FN:7,(anonymous_177)
FN:7,b
FN:7,(anonymous_179)
FN:7,(anonymous_180)
FN:7,(anonymous_181)
FN:7,(anonymous_182)
FN:7,(anonymous_183)
FN:7,(anonymous_184)
FN:7,(anonymous_185)
FN:7,(anonymous_186)
FN:7,(anonymous_187)
FN:7,(anonymous_188)
FN:7,(anonymous_189)
FN:7,(anonymous_190)
FN:7,i
FN:7,(anonymous_192)
FN:7,(anonymous_193)
FN:7,(anonymous_194)
FN:7,(anonymous_195)
FN:7,(anonymous_196)
FN:7,(anonymous_197)
FN:7,(anonymous_198)
FN:7,(anonymous_199)
FN:7,(anonymous_200)
FN:7,(anonymous_201)
FN:7,(anonymous_202)
FN:7,(anonymous_203)
FN:7,(anonymous_204)
FN:7,(anonymous_205)
FN:7,(anonymous_206)
FN:7,(anonymous_207)
FN:7,(anonymous_208)
FN:7,(anonymous_209)
FN:7,(anonymous_210)
FN:7,(anonymous_211)
FN:7,(anonymous_212)
FN:7,(anonymous_213)
FN:7,(anonymous_214)
FN:7,(anonymous_215)
FN:7,(anonymous_216)
FN:7,(anonymous_217)
FN:7,(anonymous_218)
FN:7,(anonymous_219)
FN:7,(anonymous_220)
FN:7,(anonymous_221)
FN:7,(anonymous_222)
FN:7,(anonymous_223)
FN:7,(anonymous_224)
FN:7,(anonymous_225)
FN:7,(anonymous_226)
FN:7,(anonymous_227)
FN:7,(anonymous_228)
FN:7,(anonymous_229)
FN:7,k
FN:7,(anonymous_231)
FN:7,(anonymous_232)
FN:7,(anonymous_233)
FN:7,(anonymous_234)
FN:7,(anonymous_235)
FN:7,(anonymous_236)
FN:7,(anonymous_237)
FN:7,(anonymous_238)
FN:7,(anonymous_239)
FN:7,(anonymous_240)
FN:7,(anonymous_241)
FN:7,(anonymous_242)
FN:7,(anonymous_243)
FN:7,(anonymous_244)
FNF:245
FNH:0
FNDA:0,(anonymous_0)
FNDA:0,(anonymous_1)
FNDA:0,b
FNDA:0,c
FNDA:0,(anonymous_4)
FNDA:0,(anonymous_5)
FNDA:0,a
FNDA:0,(anonymous_7)
FNDA:0,(anonymous_8)
FNDA:0,b
FNDA:0,c
FNDA:0,d
FNDA:0,(anonymous_12)
FNDA:0,e
FNDA:0,f
FNDA:0,(anonymous_15)
FNDA:0,(anonymous_16)
FNDA:0,g
FNDA:0,(anonymous_18)
FNDA:0,(anonymous_19)
FNDA:0,(anonymous_20)
FNDA:0,(anonymous_21)
FNDA:0,(anonymous_22)
FNDA:0,(anonymous_23)
FNDA:0,(anonymous_24)
FNDA:0,(anonymous_25)
FNDA:0,b
FNDA:0,(anonymous_27)
FNDA:0,(anonymous_28)
FNDA:0,(anonymous_29)
FNDA:0,(anonymous_30)
FNDA:0,(anonymous_31)
FNDA:0,(anonymous_32)
FNDA:0,(anonymous_33)
FNDA:0,(anonymous_34)
FNDA:0,(anonymous_35)
FNDA:0,(anonymous_36)
FNDA:0,(anonymous_37)
FNDA:0,(anonymous_38)
FNDA:0,(anonymous_39)
FNDA:0,(anonymous_40)
FNDA:0,b
FNDA:0,(anonymous_42)
FNDA:0,(anonymous_43)
FNDA:0,(anonymous_44)
FNDA:0,(anonymous_45)
FNDA:0,(anonymous_46)
FNDA:0,(anonymous_47)
FNDA:0,(anonymous_48)
FNDA:0,(anonymous_49)
FNDA:0,(anonymous_50)
FNDA:0,(anonymous_51)
FNDA:0,i
FNDA:0,(anonymous_53)
FNDA:0,(anonymous_54)
FNDA:0,(anonymous_55)
FNDA:0,(anonymous_56)
FNDA:0,(anonymous_57)
FNDA:0,(anonymous_58)
FNDA:0,(anonymous_59)
FNDA:0,(anonymous_60)
FNDA:0,(anonymous_61)
FNDA:0,(anonymous_62)
FNDA:0,(anonymous_63)
FNDA:0,(anonymous_64)
FNDA:0,(anonymous_65)
FNDA:0,(anonymous_66)
FNDA:0,(anonymous_67)
FNDA:0,(anonymous_68)
FNDA:0,(anonymous_69)
FNDA:0,(anonymous_70)
FNDA:0,(anonymous_71)
FNDA:0,(anonymous_72)
FNDA:0,(anonymous_73)
FNDA:0,(anonymous_74)
FNDA:0,(anonymous_75)
FNDA:0,(anonymous_76)
FNDA:0,(anonymous_77)
FNDA:0,(anonymous_78)
FNDA:0,(anonymous_79)
FNDA:0,(anonymous_80)
FNDA:0,h
FNDA:0,(anonymous_82)
FNDA:0,(anonymous_83)
FNDA:0,(anonymous_84)
FNDA:0,(anonymous_85)
FNDA:0,(anonymous_86)
FNDA:0,(anonymous_87)
FNDA:0,(anonymous_88)
FNDA:0,(anonymous_89)
FNDA:0,(anonymous_90)
FNDA:0,(anonymous_91)
FNDA:0,(anonymous_92)
FNDA:0,(anonymous_93)
FNDA:0,(anonymous_94)
FNDA:0,(anonymous_95)
FNDA:0,(anonymous_96)
FNDA:0,(anonymous_97)
FNDA:0,(anonymous_98)
FNDA:0,(anonymous_99)
FNDA:0,(anonymous_100)
FNDA:0,(anonymous_101)
FNDA:0,(anonymous_102)
FNDA:0,b
FNDA:0,(anonymous_104)
FNDA:0,(anonymous_105)
FNDA:0,(anonymous_106)
FNDA:0,(anonymous_107)
FNDA:0,(anonymous_108)
FNDA:0,(anonymous_109)
FNDA:0,(anonymous_110)
FNDA:0,(anonymous_111)
FNDA:0,(anonymous_112)
FNDA:0,(anonymous_113)
FNDA:0,(anonymous_114)
FNDA:0,(anonymous_115)
FNDA:0,(anonymous_116)
FNDA:0,(anonymous_117)
FNDA:0,i
FNDA:0,(anonymous_119)
FNDA:0,(anonymous_120)
FNDA:0,(anonymous_121)
FNDA:0,(anonymous_122)
FNDA:0,(anonymous_123)
FNDA:0,(anonymous_124)
FNDA:0,(anonymous_125)
FNDA:0,(anonymous_126)
FNDA:0,(anonymous_127)
FNDA:0,(anonymous_128)
FNDA:0,(anonymous_129)
FNDA:0,(anonymous_130)
FNDA:0,(anonymous_131)
FNDA:0,(anonymous_132)
FNDA:0,(anonymous_133)
FNDA:0,(anonymous_134)
FNDA:0,(anonymous_135)
FNDA:0,(anonymous_136)
FNDA:0,(anonymous_137)
FNDA:0,(anonymous_138)
FNDA:0,(anonymous_139)
FNDA:0,(anonymous_140)
FNDA:0,(anonymous_141)
FNDA:0,(anonymous_142)
FNDA:0,(anonymous_143)
FNDA:0,(anonymous_144)
FNDA:0,(anonymous_145)
FNDA:0,(anonymous_146)
FNDA:0,(anonymous_147)
FNDA:0,(anonymous_148)
FNDA:0,(anonymous_149)
FNDA:0,(anonymous_150)
FNDA:0,(anonymous_151)
FNDA:0,(anonymous_152)
FNDA:0,(anonymous_153)
FNDA:0,(anonymous_154)
FNDA:0,(anonymous_155)
FNDA:0,i
FNDA:0,(anonymous_157)
FNDA:0,(anonymous_158)
FNDA:0,(anonymous_159)
FNDA:0,(anonymous_160)
FNDA:0,(anonymous_161)
FNDA:0,(anonymous_162)
FNDA:0,(anonymous_163)
FNDA:0,(anonymous_164)
FNDA:0,(anonymous_165)
FNDA:0,(anonymous_166)
FNDA:0,(anonymous_167)
FNDA:0,(anonymous_168)
FNDA:0,(anonymous_169)
FNDA:0,(anonymous_170)
FNDA:0,(anonymous_171)
FNDA:0,(anonymous_172)
FNDA:0,(anonymous_173)
FNDA:0,(anonymous_174)
FNDA:0,(anonymous_175)
FNDA:0,(anonymous_176)
FNDA:0,(anonymous_177)
FNDA:0,b
FNDA:0,(anonymous_179)
FNDA:0,(anonymous_180)
FNDA:0,(anonymous_181)
FNDA:0,(anonymous_182)
FNDA:0,(anonymous_183)
FNDA:0,(anonymous_184)
FNDA:0,(anonymous_185)
FNDA:0,(anonymous_186)
FNDA:0,(anonymous_187)
FNDA:0,(anonymous_188)
FNDA:0,(anonymous_189)
FNDA:0,(anonymous_190)
FNDA:0,i
FNDA:0,(anonymous_192)
FNDA:0,(anonymous_193)
FNDA:0,(anonymous_194)
FNDA:0,(anonymous_195)
FNDA:0,(anonymous_196)
FNDA:0,(anonymous_197)
FNDA:0,(anonymous_198)
FNDA:0,(anonymous_199)
FNDA:0,(anonymous_200)
FNDA:0,(anonymous_201)
FNDA:0,(anonymous_202)
FNDA:0,(anonymous_203)
FNDA:0,(anonymous_204)
FNDA:0,(anonymous_205)
FNDA:0,(anonymous_206)
FNDA:0,(anonymous_207)
FNDA:0,(anonymous_208)
FNDA:0,(anonymous_209)
FNDA:0,(anonymous_210)
FNDA:0,(anonymous_211)
FNDA:0,(anonymous_212)
FNDA:0,(anonymous_213)
FNDA:0,(anonymous_214)
FNDA:0,(anonymous_215)
FNDA:0,(anonymous_216)
FNDA:0,(anonymous_217)
FNDA:0,(anonymous_218)
FNDA:0,(anonymous_219)
FNDA:0,(anonymous_220)
FNDA:0,(anonymous_221)
FNDA:0,(anonymous_222)
FNDA:0,(anonymous_223)
FNDA:0,(anonymous_224)
FNDA:0,(anonymous_225)
FNDA:0,(anonymous_226)
FNDA:0,(anonymous_227)
FNDA:0,(anonymous_228)
FNDA:0,(anonymous_229)
FNDA:0,k
FNDA:0,(anonymous_231)
FNDA:0,(anonymous_232)
FNDA:0,(anonymous_233)
FNDA:0,(anonymous_234)
FNDA:0,(anonymous_235)
FNDA:0,(anonymous_236)
FNDA:0,(anonymous_237)
FNDA:0,(anonymous_238)
FNDA:0,(anonymous_239)
FNDA:0,(anonymous_240)
FNDA:0,(anonymous_241)
FNDA:0,(anonymous_242)
FNDA:0,(anonymous_243)
FNDA:0,(anonymous_244)
DA:6,0
DA:7,0
LF:2
LH:0
BRDA:6,0,0,0
BRDA:6,0,1,0
BRDA:6,1,0,0
BRDA:6,1,1,0
BRDA:6,2,0,0
BRDA:6,2,1,0
BRDA:6,2,2,0
BRDA:6,2,3,0
BRDA:6,2,4,0
BRDA:6,2,5,0
BRDA:6,3,0,0
BRDA:6,3,1,0
BRDA:6,4,0,0
BRDA:6,4,1,0
BRDA:6,5,0,0
BRDA:6,5,1,0
BRDA:6,6,0,0
BRDA:6,6,1,0
BRDA:6,7,0,0
BRDA:6,7,1,0
BRDA:6,8,0,0
BRDA:6,8,1,0
BRDA:6,9,0,0
BRDA:6,9,1,0
BRDA:6,10,0,0
BRDA:6,10,1,0
BRDA:6,11,0,0
BRDA:6,11,1,0
BRDA:6,12,0,0
BRDA:6,12,1,0
BRDA:6,13,0,0
BRDA:6,13,1,0
BRDA:6,14,0,0
BRDA:6,14,1,0
BRDA:6,15,0,0
BRDA:6,15,1,0
BRDA:6,16,0,0
BRDA:6,16,1,0
BRDA:6,17,0,0
BRDA:6,17,1,0
BRDA:6,18,0,0
BRDA:6,18,1,0
BRDA:6,19,0,0
BRDA:6,19,1,0
BRDA:6,20,0,0
BRDA:6,20,1,0
BRDA:6,21,0,0
BRDA:6,21,1,0
BRDA:6,22,0,0
BRDA:6,22,1,0
BRDA:6,23,0,0
BRDA:6,23,1,0
BRDA:6,24,0,0
BRDA:6,24,1,0
BRDA:6,25,0,0
BRDA:6,25,1,0
BRDA:6,26,0,0
BRDA:6,26,1,0
BRDA:6,27,0,0
BRDA:6,27,1,0
BRDA:6,28,0,0
BRDA:6,28,1,0
BRDA:6,29,0,0
BRDA:6,29,1,0
BRDA:6,30,0,0
BRDA:6,30,1,0
BRDA:6,31,0,0
BRDA:6,31,1,0
BRDA:6,32,0,0
BRDA:6,32,1,0
BRDA:6,33,0,0
BRDA:6,33,1,0
BRDA:6,34,0,0
BRDA:6,34,1,0
BRDA:6,35,0,0
BRDA:6,35,1,0
BRDA:6,36,0,0
BRDA:6,36,1,0
BRDA:6,37,0,0
BRDA:6,37,1,0
BRDA:6,38,0,0
BRDA:6,38,1,0
BRDA:6,39,0,0
BRDA:6,39,1,0
BRDA:6,40,0,0
BRDA:6,40,1,0
BRDA:6,41,0,0
BRDA:6,41,1,0
BRDA:6,42,0,0
BRDA:6,42,1,0
BRDA:6,43,0,0
BRDA:6,43,1,0
BRDA:6,44,0,0
BRDA:6,44,1,0
BRDA:6,45,0,0
BRDA:6,45,1,0
BRDA:6,46,0,0
BRDA:6,46,1,0
BRDA:6,47,0,0
BRDA:6,47,1,0
BRDA:6,48,0,0
BRDA:6,48,1,0
BRDA:6,49,0,0
BRDA:6,49,1,0
BRDA:6,50,0,0
BRDA:6,50,1,0
BRDA:6,51,0,0
BRDA:6,51,1,0
BRDA:6,52,0,0
BRDA:6,52,1,0
BRDA:6,53,0,0
BRDA:6,53,1,0
BRDA:6,54,0,0
BRDA:6,54,1,0
BRDA:6,55,0,0
BRDA:6,55,1,0
BRDA:6,55,2,0
BRDA:6,56,0,0
BRDA:6,56,1,0
BRDA:6,57,0,0
BRDA:6,57,1,0
BRDA:6,58,0,0
BRDA:6,58,1,0
BRDA:6,58,2,0
BRDA:6,59,0,0
BRDA:6,59,1,0
BRDA:6,60,0,0
BRDA:6,60,1,0
BRDA:6,61,0,0
BRDA:6,61,1,0
BRDA:6,62,0,0
BRDA:6,62,1,0
BRDA:6,63,0,0
BRDA:6,63,1,0
BRDA:6,64,0,0
BRDA:6,64,1,0
BRDA:6,65,0,0
BRDA:6,65,1,0
BRDA:6,66,0,0
BRDA:6,66,1,0
BRDA:6,66,2,0
BRDA:6,67,0,0
BRDA:6,67,1,0
BRDA:6,68,0,0
BRDA:6,68,1,0
BRDA:6,68,2,0
BRDA:6,69,0,0
BRDA:6,69,1,0
BRDA:6,69,2,0
BRDA:6,69,3,0
BRDA:6,70,0,0
BRDA:6,70,1,0
BRDA:6,71,0,0
BRDA:6,71,1,0
BRDA:6,72,0,0
BRDA:6,72,1,0
BRDA:6,73,0,0
BRDA:6,73,1,0
BRDA:6,74,0,0
BRDA:6,74,1,0
BRDA:6,75,0,0
BRDA:6,75,1,0
BRDA:6,76,0,0
BRDA:6,76,1,0
BRDA:6,76,2,0
BRDA:6,77,0,0
BRDA:6,77,1,0
BRDA:6,78,0,0
BRDA:6,78,1,0
BRDA:6,79,0,0
BRDA:6,79,1,0
BRDA:6,80,0,0
BRDA:6,80,1,0
BRDA:6,81,0,0
BRDA:6,81,1,0
BRDA:6,81,2,0
BRDA:6,82,0,0
BRDA:6,82,1,0
BRDA:6,83,0,0
BRDA:6,83,1,0
BRDA:6,84,0,0
BRDA:6,84,1,0
BRDA:6,85,0,0
BRDA:6,85,1,0
BRDA:6,86,0,0
BRDA:6,86,1,0
BRDA:6,87,0,0
BRDA:6,87,1,0
BRDA:6,88,0,0
BRDA:6,88,1,0
BRDA:6,89,0,0
BRDA:6,89,1,0
BRDA:6,90,0,0
BRDA:6,90,1,0
BRDA:6,91,0,0
BRDA:6,91,1,0
BRDA:6,92,0,0
BRDA:6,92,1,0
BRDA:6,93,0,0
BRDA:6,93,1,0
BRDA:6,94,0,0
BRDA:6,94,1,0
BRDA:6,95,0,0
BRDA:6,95,1,0
BRDA:6,96,0,0
BRDA:6,96,1,0
BRDA:6,97,0,0
BRDA:6,97,1,0
BRDA:6,98,0,0
BRDA:6,98,1,0
BRDA:6,99,0,0
BRDA:6,99,1,0
BRDA:6,100,0,0
BRDA:6,100,1,0
BRDA:6,101,0,0
BRDA:6,101,1,0
BRDA:6,102,0,0
BRDA:6,102,1,0
BRDA:6,103,0,0
BRDA:6,103,1,0
BRDA:6,104,0,0
BRDA:6,104,1,0
BRDA:6,105,0,0
BRDA:6,105,1,0
BRDA:6,106,0,0
BRDA:6,106,1,0
BRDA:6,107,0,0
BRDA:6,107,1,0
BRDA:6,108,0,0
BRDA:6,108,1,0
BRDA:6,109,0,0
BRDA:6,109,1,0
BRDA:6,110,0,0
BRDA:6,110,1,0
BRDA:6,111,0,0
BRDA:6,111,1,0
BRDA:6,112,0,0
BRDA:6,112,1,0
BRDA:6,113,0,0
BRDA:6,113,1,0
BRDA:6,114,0,0
BRDA:6,114,1,0
BRDA:6,115,0,0
BRDA:6,115,1,0
BRDA:6,116,0,0
BRDA:6,116,1,0
BRDA:6,117,0,0
BRDA:6,117,1,0
BRDA:6,118,0,0
BRDA:6,118,1,0
BRDA:6,119,0,0
BRDA:6,119,1,0
BRDA:6,120,0,0
BRDA:6,120,1,0
BRDA:6,121,0,0
BRDA:6,121,1,0
BRDA:6,122,0,0
BRDA:6,122,1,0
BRDA:6,123,0,0
BRDA:6,123,1,0
BRDA:6,124,0,0
BRDA:6,124,1,0
BRDA:6,125,0,0
BRDA:6,125,1,0
BRDA:6,126,0,0
BRDA:6,126,1,0
BRDA:6,126,2,0
BRDA:6,126,3,0
BRDA:6,127,0,0
BRDA:6,127,1,0
BRDA:6,128,0,0
BRDA:6,128,1,0
BRDA:6,129,0,0
BRDA:6,129,1,0
BRDA:6,130,0,0
BRDA:6,130,1,0
BRDA:6,131,0,0
BRDA:6,131,1,0
BRDA:6,132,0,0
BRDA:6,132,1,0
BRDA:6,133,0,0
BRDA:6,133,1,0
BRDA:6,134,0,0
BRDA:6,134,1,0
BRDA:6,135,0,0
BRDA:6,135,1,0
BRDA:6,136,0,0
BRDA:6,136,1,0
BRDA:6,137,0,0
BRDA:6,137,1,0
BRDA:6,138,0,0
BRDA:6,138,1,0
BRDA:6,139,0,0
BRDA:6,139,1,0
BRDA:6,140,0,0
BRDA:6,140,1,0
BRDA:6,141,0,0
BRDA:6,141,1,0
BRDA:6,142,0,0
BRDA:6,142,1,0
BRDA:6,143,0,0
BRDA:6,143,1,0
BRDA:6,144,0,0
BRDA:6,144,1,0
BRDA:6,144,2,0
BRDA:6,144,3,0
BRDA:6,145,0,0
BRDA:6,145,1,0
BRDA:6,146,0,0
BRDA:6,146,1,0
BRDA:6,147,0,0
BRDA:6,147,1,0
BRDA:6,148,0,0
BRDA:6,148,1,0
BRDA:6,149,0,0
BRDA:6,149,1,0
BRDA:6,149,2,0
BRDA:6,150,0,0
BRDA:6,150,1,0
BRDA:6,151,0,0
BRDA:6,151,1,0
BRDA:6,152,0,0
BRDA:6,152,1,0
BRDA:6,152,2,0
BRDA:6,152,3,0
BRDA:6,153,0,0
BRDA:6,153,1,0
BRDA:6,154,0,0
BRDA:6,154,1,0
BRDA:6,155,0,0
BRDA:6,155,1,0
BRDA:6,156,0,0
BRDA:6,156,1,0
BRDA:6,156,2,0
BRDA:6,157,0,0
BRDA:6,157,1,0
BRDA:6,157,2,0
BRDA:6,158,0,0
BRDA:6,158,1,0
BRDA:6,159,0,0
BRDA:6,159,1,0
BRDA:6,160,0,0
BRDA:6,160,1,0
BRDA:6,160,2,0
BRDA:6,161,0,0
BRDA:6,161,1,0
BRDA:6,162,0,0
BRDA:6,162,1,0
BRDA:6,163,0,0
BRDA:6,163,1,0
BRDA:6,163,2,0
BRDA:6,164,0,0
BRDA:6,164,1,0
BRDA:6,165,0,0
BRDA:6,165,1,0
BRDA:6,166,0,0
BRDA:6,166,1,0
BRDA:6,167,0,0
BRDA:6,167,1,0
BRDA:6,167,2,0
BRDA:6,168,0,0
BRDA:6,168,1,0
BRDA:6,169,0,0
BRDA:6,169,1,0
BRDA:6,170,0,0
BRDA:6,170,1,0
BRDA:6,171,0,0
BRDA:6,171,1,0
BRDA:6,172,0,0
BRDA:6,172,1,0
BRDA:6,172,2,0
BRDA:6,172,3,0
BRDA:6,173,0,0
BRDA:6,173,1,0
BRDA:6,174,0,0
BRDA:6,174,1,0
BRDA:6,175,0,0
BRDA:6,175,1,0
BRDA:6,176,0,0
BRDA:6,176,1,0
BRDA:6,177,0,0
BRDA:6,177,1,0
BRDA:6,178,0,0
BRDA:6,178,1,0
BRDA:6,179,0,0
BRDA:6,179,1,0
BRDA:6,180,0,0
BRDA:6,180,1,0
BRDA:6,181,0,0
BRDA:6,181,1,0
BRDA:6,182,0,0
BRDA:6,182,1,0
BRDA:6,183,0,0
BRDA:6,183,1,0
BRDA:6,184,0,0
BRDA:6,184,1,0
BRDA:6,185,0,0
BRDA:6,185,1,0
BRDA:6,186,0,0
BRDA:6,186,1,0
BRDA:6,187,0,0
BRDA:6,187,1,0
BRDA:6,188,0,0
BRDA:6,188,1,0
BRDA:6,189,0,0
BRDA:6,189,1,0
BRDA:6,190,0,0
BRDA:6,190,1,0
BRDA:6,191,0,0
BRDA:6,191,1,0
BRDA:6,192,0,0
BRDA:6,192,1,0
BRDA:6,193,0,0
BRDA:6,193,1,0
BRDA:6,194,0,0
BRDA:6,194,1,0
BRDA:6,195,0,0
BRDA:6,195,1,0
BRDA:6,196,0,0
BRDA:6,196,1,0
BRDA:6,196,2,0
BRDA:6,197,0,0
BRDA:6,197,1,0
BRDA:6,197,2,0
BRDA:6,198,0,0
BRDA:6,198,1,0
BRDA:6,199,0,0
BRDA:6,199,1,0
BRDA:6,200,0,0
BRDA:6,200,1,0
BRDA:6,201,0,0
BRDA:6,201,1,0
BRDA:6,202,0,0
BRDA:6,202,1,0
BRDA:6,203,0,0
BRDA:6,203,1,0
BRDA:6,204,0,0
BRDA:6,204,1,0
BRDA:6,205,0,0
BRDA:6,205,1,0
BRDA:6,206,0,0
BRDA:6,206,1,0
BRDA:6,207,0,0
BRDA:6,207,1,0
BRDA:6,208,0,0
BRDA:6,208,1,0
BRDA:6,209,0,0
BRDA:6,209,1,0
BRDA:6,210,0,0
BRDA:6,210,1,0
BRDA:6,211,0,0
BRDA:6,211,1,0
BRDA:6,212,0,0
BRDA:6,212,1,0
BRDA:6,213,0,0
BRDA:6,213,1,0
BRDA:6,214,0,0
BRDA:6,214,1,0
BRDA:6,215,0,0
BRDA:6,215,1,0
BRDA:6,216,0,0
BRDA:6,216,1,0
BRDA:6,217,0,0
BRDA:6,217,1,0
BRDA:6,218,0,0
BRDA:6,218,1,0
BRDA:6,218,2,0
BRDA:6,219,0,0
BRDA:6,219,1,0
BRDA:6,220,0,0
BRDA:6,220,1,0
BRDA:6,221,0,0
BRDA:6,221,1,0
BRDA:6,222,0,0
BRDA:6,222,1,0
BRDA:6,223,0,0
BRDA:6,223,1,0
BRDA:6,224,0,0
BRDA:6,224,1,0
BRDA:6,225,0,0
BRDA:6,225,1,0
BRDA:6,226,0,0
BRDA:6,226,1,0
BRDA:6,227,0,0
BRDA:6,227,1,0
BRDA:6,228,0,0
BRDA:6,228,1,0
BRDA:6,228,2,0
BRDA:6,228,3,0
BRDA:6,229,0,0
BRDA:6,229,1,0
BRDA:6,230,0,0
BRDA:6,230,1,0
BRDA:6,231,0,0
BRDA:6,231,1,0
BRDA:6,231,2,0
BRDA:6,232,0,0
BRDA:6,232,1,0
BRDA:6,233,0,0
BRDA:6,233,1,0
BRDA:6,234,0,0
BRDA:6,234,1,0
BRDA:7,235,0,0
BRDA:7,235,1,0
BRDA:7,236,0,0
BRDA:7,236,1,0
BRDA:7,236,2,0
BRDA:7,237,0,0
BRDA:7,237,1,0
BRDA:7,238,0,0
BRDA:7,238,1,0
BRDA:7,239,0,0
BRDA:7,239,1,0
BRDA:7,240,0,0
BRDA:7,240,1,0
BRDA:7,241,0,0
BRDA:7,241,1,0
BRDA:7,242,0,0
BRDA:7,242,1,0
BRDA:7,243,0,0
BRDA:7,243,1,0
BRDA:7,243,2,0
BRDA:7,243,3,0
BRDA:7,243,4,0
BRDA:7,244,0,0
BRDA:7,244,1,0
BRDA:7,245,0,0
BRDA:7,245,1,0
BRDA:7,246,0,0
BRDA:7,246,1,0
BRDA:7,247,0,0
BRDA:7,247,1,0
BRDA:7,248,0,0
BRDA:7,248,1,0
BRDA:7,249,0,0
BRDA:7,249,1,0
BRDA:7,250,0,0
BRDA:7,250,1,0
BRDA:7,251,0,0
BRDA:7,251,1,0
BRDA:7,252,0,0
BRDA:7,252,1,0
BRDA:7,253,0,0
BRDA:7,253,1,0
BRDA:7,254,0,0
BRDA:7,254,1,0
BRDA:7,255,0,0
BRDA:7,255,1,0
BRDA:7,256,0,0
BRDA:7,256,1,0
BRDA:7,257,0,0
BRDA:7,257,1,0
BRDA:7,258,0,0
BRDA:7,258,1,0
BRDA:7,259,0,0
BRDA:7,259,1,0
BRDA:7,260,0,0
BRDA:7,260,1,0
BRDA:7,261,0,0
BRDA:7,261,1,0
BRDA:7,262,0,0
BRDA:7,262,1,0
BRDA:7,263,0,0
BRDA:7,263,1,0
BRDA:7,264,0,0
BRDA:7,264,1,0
BRDA:7,265,0,0
BRDA:7,265,1,0
BRDA:7,266,0,0
BRDA:7,266,1,0
BRDA:7,267,0,0
BRDA:7,267,1,0
BRDA:7,268,0,0
BRDA:7,268,1,0
BRDA:7,269,0,0
BRDA:7,269,1,0
BRDA:7,270,0,0
BRDA:7,270,1,0
BRDA:7,271,0,0
BRDA:7,271,1,0
BRDA:7,272,0,0
BRDA:7,272,1,0
BRDA:7,272,2,0
BRDA:7,273,0,0
BRDA:7,273,1,0
BRDA:7,274,0,0
BRDA:7,274,1,0
BRDA:7,275,0,0
BRDA:7,275,1,0
BRDA:7,276,0,0
BRDA:7,276,1,0
BRDA:7,277,0,0
BRDA:7,277,1,0
BRDA:7,278,0,0
BRDA:7,278,1,0
BRDA:7,279,0,0
BRDA:7,279,1,0
BRDA:7,279,2,0
BRDA:7,280,0,0
BRDA:7,280,1,0
BRDA:7,281,0,0
BRDA:7,281,1,0
BRDA:7,282,0,0
BRDA:7,282,1,0
BRDA:7,283,0,0
BRDA:7,283,1,0
BRDA:7,284,0,0
BRDA:7,284,1,0
BRDA:7,285,0,0
BRDA:7,285,1,0
BRDA:7,286,0,0
BRDA:7,286,1,0
BRDA:7,287,0,0
BRDA:7,287,1,0
BRDA:7,288,0,0
BRDA:7,288,1,0
BRDA:7,289,0,0
BRDA:7,289,1,0
BRDA:7,290,0,0
BRDA:7,290,1,0
BRDA:7,291,0,0
BRDA:7,291,1,0
BRDA:7,291,2,0
BRDA:7,292,0,0
BRDA:7,292,1,0
BRDA:7,293,0,0
BRDA:7,293,1,0
BRDA:7,294,0,0
BRDA:7,294,1,0
BRDA:7,295,0,0
BRDA:7,295,1,0
BRDA:7,296,0,0
BRDA:7,296,1,0
BRDA:7,297,0,0
BRDA:7,297,1,0
BRDA:7,298,0,0
BRDA:7,298,1,0
BRDA:7,299,0,0
BRDA:7,299,1,0
BRDA:7,300,0,0
BRDA:7,300,1,0
BRDA:7,301,0,0
BRDA:7,301,1,0
BRDA:7,302,0,0
BRDA:7,302,1,0
BRDA:7,303,0,0
BRDA:7,303,1,0
BRDA:7,304,0,0
BRDA:7,304,1,0
BRDA:7,305,0,0
BRDA:7,305,1,0
BRDA:7,306,0,0
BRDA:7,306,1,0
BRDA:7,307,0,0
BRDA:7,307,1,0
BRDA:7,308,0,0
BRDA:7,308,1,0
BRDA:7,309,0,0
BRDA:7,309,1,0
BRDA:7,310,0,0
BRDA:7,310,1,0
BRDA:7,311,0,0
BRDA:7,311,1,0
BRDA:7,311,2,0
BRDA:7,312,0,0
BRDA:7,312,1,0
BRDA:7,313,0,0
BRDA:7,313,1,0
BRDA:7,314,0,0
BRDA:7,314,1,0
BRDA:7,315,0,0
BRDA:7,315,1,0
BRDA:7,316,0,0
BRDA:7,316,1,0
BRDA:7,316,2,0
BRDA:7,317,0,0
BRDA:7,317,1,0
BRDA:7,318,0,0
BRDA:7,318,1,0
BRDA:7,319,0,0
BRDA:7,319,1,0
BRDA:7,320,0,0
BRDA:7,320,1,0
BRDA:7,321,0,0
BRDA:7,321,1,0
BRDA:7,322,0,0
BRDA:7,322,1,0
BRDA:7,323,0,0
BRDA:7,323,1,0
BRDA:7,324,0,0
BRDA:7,324,1,0
BRDA:7,325,0,0
BRDA:7,325,1,0
BRDA:7,325,2,0
BRDA:7,326,0,0
BRDA:7,326,1,0
BRDA:7,327,0,0
BRDA:7,327,1,0
BRF:698
BRH:0
end_of_record
TN:
SF:/home/amrit/Documents/amrit/CBWEBD26-9-18/my-projects/medium-mongo/src/public/bootstrap/dist/js/npm.js
FNF:0
FNH:0
DA:2,0
DA:3,0
DA:4,0
DA:5,0
DA:6,0
DA:7,0
DA:8,0
DA:9,0
DA:10,0
DA:11,0
DA:12,0
LF:11
LH:0
BRF:0
BRH:0
end_of_record
TN:
SF:/home/amrit/Documents/amrit/CBWEBD26-9-18/my-projects/medium-mongo/src/public/bootstrap/dist/js/umd/alert.js
FN:1,(anonymous_0)
FN:13,(anonymous_1)
FN:16,(anonymous_2)
FN:16,defineProperties
FN:16,(anonymous_4)
FN:18,_interopRequireDefault
FN:20,_classCallCheck
FN:31,(anonymous_7)
FN:69,(anonymous_8)
FN:70,Alert
FN:89,close
FN:103,dispose
FN:112,_getRootElement
FN:128,_triggerCloseEvent
FN:136,_removeElement
FN:148,_destroyElement
FN:156,_jQueryInterface
FN:157,(anonymous_17)
FN:173,_handleDismiss
FN:174,(anonymous_19)
FN:184,get
FN:202,(anonymous_21)
FNF:22
FNH:0
FNDA:0,(anonymous_0)
FNDA:0,(anonymous_1)
FNDA:0,(anonymous_2)
FNDA:0,defineProperties
FNDA:0,(anonymous_4)
FNDA:0,_interopRequireDefault
FNDA:0,_classCallCheck
FNDA:0,(anonymous_7)
FNDA:0,(anonymous_8)
FNDA:0,Alert
FNDA:0,close
FNDA:0,dispose
FNDA:0,_getRootElement
FNDA:0,_triggerCloseEvent
FNDA:0,_removeElement
FNDA:0,_destroyElement
FNDA:0,_jQueryInterface
FNDA:0,(anonymous_17)
FNDA:0,_handleDismiss
FNDA:0,(anonymous_19)
FNDA:0,get
FNDA:0,(anonymous_21)
DA:1,0
DA:2,0
DA:3,0
DA:4,0
DA:5,0
DA:7,0
DA:10,0
DA:11,0
DA:16,0
DA:18,0
DA:20,0
DA:22,0
DA:31,0
DA:39,0
DA:40,0
DA:41,0
DA:42,0
DA:43,0
DA:44,0
DA:45,0
DA:47,0
DA:51,0
DA:57,0
DA:69,0
DA:71,0
DA:73,0
DA:84,0
DA:90,0
DA:92,0
DA:93,0
DA:95,0
DA:96,0
DA:99,0
DA:104,0
DA:105,0
DA:113,0
DA:114,0
DA:116,0
DA:117,0
DA:120,0
DA:121,0
DA:124,0
DA:129,0
DA:131,0
DA:132,0
DA:137,0
DA:139,0
DA:140,0
DA:141,0
DA:144,0
DA:149,0
DA:157,0
DA:158,0
DA:159,0
DA:161,0
DA:162,0
DA:163,0
DA:166,0
DA:167,0
DA:174,0
DA:175,0
DA:176,0
DA:179,0
DA:185,0
DA:189,0
DA:192,0
DA:200,0
DA:201,0
DA:202,0
DA:203,0
DA:204,0
DA:207,0
DA:210,0
LF:73
LH:0
BRDA:2,0,0,0
BRDA:2,0,1,0
BRDA:2,1,0,0
BRDA:2,1,1,0
BRDA:4,2,0,0
BRDA:4,2,1,0
BRDA:4,3,0,0
BRDA:4,3,1,0
BRDA:16,4,0,0
BRDA:16,4,1,0
BRDA:16,5,0,0
BRDA:16,5,1,0
BRDA:16,6,0,0
BRDA:16,6,1,0
BRDA:16,7,0,0
BRDA:16,7,1,0
BRDA:18,8,0,0
BRDA:18,8,1,0
BRDA:18,9,0,0
BRDA:18,9,1,0
BRDA:20,10,0,0
BRDA:20,10,1,0
BRDA:90,11,0,0
BRDA:90,11,1,0
BRDA:95,12,0,0
BRDA:95,12,1,0
BRDA:116,13,0,0
BRDA:116,13,1,0
BRDA:120,14,0,0
BRDA:120,14,1,0
BRDA:139,15,0,0
BRDA:139,15,1,0
BRDA:139,16,0,0
BRDA:139,16,1,0
BRDA:161,17,0,0
BRDA:161,17,1,0
BRDA:166,18,0,0
BRDA:166,18,1,0
BRDA:175,19,0,0
BRDA:175,19,1,0
BRF:40
BRH:0
end_of_record
TN:
SF:/home/amrit/Documents/amrit/CBWEBD26-9-18/my-projects/medium-mongo/src/public/bootstrap/dist/js/umd/button.js
FN:1,(anonymous_0)
FN:13,(anonymous_1)
FN:23,(anonymous_2)
FN:23,defineProperties
FN:23,(anonymous_4)
FN:25,_classCallCheck
FN:27,(anonymous_6)
FN:67,(anonymous_7)
FN:68,Button
FN:87,toggle
FN:122,dispose
FN:131,_jQueryInterface
FN:132,(anonymous_12)
FN:147,get
FN:155,(anonymous_14)
FN:165,(anonymous_15)
FN:178,(anonymous_16)
FNF:17
FNH:0
FNDA:0,(anonymous_0)
FNDA:0,(anonymous_1)
FNDA:0,(anonymous_2)
FNDA:0,defineProperties
FNDA:0,(anonymous_4)
FNDA:0,_classCallCheck
FNDA:0,(anonymous_6)
FNDA:0,(anonymous_7)
FNDA:0,Button
FNDA:0,toggle
FNDA:0,dispose
FNDA:0,_jQueryInterface
FNDA:0,(anonymous_12)
FNDA:0,get
FNDA:0,(anonymous_14)
FNDA:0,(anonymous_15)
FNDA:0,(anonymous_16)
DA:1,0
DA:2,0
DA:3,0
DA:4,0
DA:5,0
DA:7,0
DA:10,0
DA:11,0
DA:23,0
DA:25,0
DA:27,0
DA:35,0
DA:36,0
DA:37,0
DA:38,0
DA:39,0
DA:40,0
DA:42,0
DA:48,0
DA:56,0
DA:67,0
DA:69,0
DA:71,0
DA:82,0
DA:88,0
DA:89,0
DA:91,0
DA:92,0
DA:94,0
DA:95,0
DA:96,0
DA:97,0
DA:99,0
DA:101,0
DA:102,0
DA:107,0
DA:108,0
DA:109,0
DA:113,0
DA:116,0
DA:117,0
DA:123,0
DA:124,0
DA:132,0
DA:133,0
DA:135,0
DA:136,0
DA:137,0
DA:140,0
DA:141,0
DA:148,0
DA:152,0
DA:155,0
DA:156,0
DA:158,0
DA:160,0
DA:161,0
DA:164,0
DA:166,0
DA:167,0
DA:176,0
DA:177,0
DA:178,0
DA:179,0
DA:180,0
DA:183,0
DA:186,0
LF:67
LH:0
BRDA:2,0,0,0
BRDA:2,0,1,0
BRDA:2,1,0,0
BRDA:2,1,1,0
BRDA:4,2,0,0
BRDA:4,2,1,0
BRDA:4,3,0,0
BRDA:4,3,1,0
BRDA:23,4,0,0
BRDA:23,4,1,0
BRDA:23,5,0,0
BRDA:23,5,1,0
BRDA:23,6,0,0
BRDA:23,6,1,0
BRDA:23,7,0,0
BRDA:23,7,1,0
BRDA:25,8,0,0
BRDA:25,8,1,0
BRDA:91,9,0,0
BRDA:91,9,1,0
BRDA:94,10,0,0
BRDA:94,10,1,0
BRDA:95,11,0,0
BRDA:95,11,1,0
BRDA:96,12,0,0
BRDA:96,12,1,0
BRDA:96,13,0,0
BRDA:96,13,1,0
BRDA:101,14,0,0
BRDA:101,14,1,0
BRDA:107,15,0,0
BRDA:107,15,1,0
BRDA:116,16,0,0
BRDA:116,16,1,0
BRDA:135,17,0,0
BRDA:135,17,1,0
BRDA:140,18,0,0
BRDA:140,18,1,0
BRDA:160,19,0,0
BRDA:160,19,1,0
BRF:40
BRH:0
end_of_record
TN:
SF:/home/amrit/Documents/amrit/CBWEBD26-9-18/my-projects/medium-mongo/src/public/bootstrap/dist/js/umd/carousel.js
FN:1,(anonymous_0)
FN:13,(anonymous_1)
FN:16,(anonymous_2)
FN:16,defineProperties
FN:16,(anonymous_4)
FN:18,_interopRequireDefault
FN:20,_classCallCheck
FN:31,(anonymous_7)
FN:103,(anonymous_8)
FN:104,Carousel
FN:134,next
FN:141,nextWhenVisible
FN:149,prev
FN:156,pause
FN:171,cycle
FN:187,to
FN:199,(anonymous_16)
FN:217,dispose
FN:235,_getConfig
FN:242,_addEventListeners
FN:253,_keydown
FN:271,_getItemIndex
FN:277,_getItemByDirection
FN:295,_triggerSlideEvent
FN:307,_setActiveIndicatorElement
FN:320,_slide
FN:367,(anonymous_26)
FN:376,(anonymous_27)
FN:397,_jQueryInterface
FN:398,(anonymous_29)
FN:428,_dataApiClickHandler
FN:458,get
FN:463,get
FN:473,(anonymous_33)
FN:474,(anonymous_34)
FN:488,(anonymous_35)
FNF:36
FNH:0
FNDA:0,(anonymous_0)
FNDA:0,(anonymous_1)
FNDA:0,(anonymous_2)
FNDA:0,defineProperties
FNDA:0,(anonymous_4)
FNDA:0,_interopRequireDefault
FNDA:0,_classCallCheck
FNDA:0,(anonymous_7)
FNDA:0,(anonymous_8)
FNDA:0,Carousel
FNDA:0,next
FNDA:0,nextWhenVisible
FNDA:0,prev
FNDA:0,pause
FNDA:0,cycle
FNDA:0,to
FNDA:0,(anonymous_16)
FNDA:0,dispose
FNDA:0,_getConfig
FNDA:0,_addEventListeners
FNDA:0,_keydown
FNDA:0,_getItemIndex
FNDA:0,_getItemByDirection
FNDA:0,_triggerSlideEvent
FNDA:0,_setActiveIndicatorElement
FNDA:0,_slide
FNDA:0,(anonymous_26)
FNDA:0,(anonymous_27)
FNDA:0,_jQueryInterface
FNDA:0,(anonymous_29)
FNDA:0,_dataApiClickHandler
FNDA:0,get
FNDA:0,get
FNDA:0,(anonymous_33)
FNDA:0,(anonymous_34)
FNDA:0,(anonymous_35)
DA:1,0
DA:2,0
DA:3,0
DA:4,0
DA:5,0
DA:7,0
DA:10,0
DA:11,0
DA:16,0
DA:18,0
DA:20,0
DA:22,0
DA:31,0
DA:39,0
DA:40,0
DA:41,0
DA:42,0
DA:43,0
DA:44,0
DA:45,0
DA:47,0
DA:55,0
DA:63,0
DA:68,0
DA:78,0
DA:87,0
DA:103,0
DA:105,0
DA:107,0
DA:108,0
DA:109,0
DA:111,0
DA:112,0
DA:114,0
DA:115,0
DA:116,0
DA:118,0
DA:129,0
DA:135,0
DA:136,0
DA:143,0
DA:144,0
DA:150,0
DA:151,0
DA:157,0
DA:158,0
DA:161,0
DA:162,0
DA:163,0
DA:166,0
DA:167,0
DA:172,0
DA:173,0
DA:176,0
DA:177,0
DA:178,0
DA:181,0
DA:182,0
DA:188,0
DA:190,0
DA:192,0
DA:194,0
DA:195,0
DA:198,0
DA:199,0
DA:200,0
DA:202,0
DA:205,0
DA:206,0
DA:207,0
DA:208,0
DA:211,0
DA:213,0
DA:218,0
DA:219,0
DA:221,0
DA:222,0
DA:223,0
DA:224,0
DA:225,0
DA:226,0
DA:227,0
DA:228,0
DA:236,0
DA:237,0
DA:238,0
DA:243,0
DA:244,0
DA:247,0
DA:248,0
DA:254,0
DA:256,0
DA:257,0
DA:260,0
DA:262,0
DA:264,0
DA:266,0
DA:272,0
DA:273,0
DA:278,0
DA:279,0
DA:280,0
DA:281,0
DA:282,0
DA:284,0
DA:285,0
DA:288,0
DA:289,0
DA:291,0
DA:296,0
DA:301,0
DA:303,0
DA:308,0
DA:309,0
DA:311,0
DA:313,0
DA:314,0
DA:321,0
DA:323,0
DA:324,0
DA:326,0
DA:328,0
DA:330,0
DA:331,0
DA:332,0
DA:335,0
DA:336,0
DA:337,0
DA:340,0
DA:342,0
DA:345,0
DA:347,0
DA:348,0
DA:351,0
DA:353,0
DA:358,0
DA:360,0
DA:362,0
DA:364,0
DA:365,0
DA:367,0
DA:368,0
DA:370,0
DA:372,0
DA:374,0
DA:376,0
DA:377,0
DA:381,0
DA:382,0
DA:384,0
DA:385,0
DA:388,0
DA:389,0
DA:398,0
DA:399,0
DA:400,0
DA:402,0
DA:403,0
DA:406,0
DA:408,0
DA:409,0
DA:410,0
DA:413,0
DA:414,0
DA:415,0
DA:416,0
DA:417,0
DA:419,0
DA:420,0
DA:421,0
DA:422,0
DA:429,0
DA:431,0
DA:432,0
DA:435,0
DA:437,0
DA:438,0
DA:441,0
DA:442,0
DA:444,0
DA:445,0
DA:448,0
DA:450,0
DA:451,0
DA:454,0
DA:459,0
DA:464,0
DA:468,0
DA:471,0
DA:473,0
DA:474,0
DA:475,0
DA:476,0
DA:486,0
DA:487,0
DA:488,0
DA:489,0
DA:490,0
DA:493,0
DA:496,0
LF:200
LH:0
BRDA:2,0,0,0
BRDA:2,0,1,0
BRDA:2,1,0,0
BRDA:2,1,1,0
BRDA:4,2,0,0
BRDA:4,2,1,0
BRDA:4,3,0,0
BRDA:4,3,1,0
BRDA:16,4,0,0
BRDA:16,4,1,0
BRDA:16,5,0,0
BRDA:16,5,1,0
BRDA:16,6,0,0
BRDA:16,6,1,0
BRDA:16,7,0,0
BRDA:16,7,1,0
BRDA:18,8,0,0
BRDA:18,8,1,0
BRDA:18,9,0,0
BRDA:18,9,1,0
BRDA:20,10,0,0
BRDA:20,10,1,0
BRDA:135,11,0,0
BRDA:135,11,1,0
BRDA:143,12,0,0
BRDA:143,12,1,0
BRDA:150,13,0,0
BRDA:150,13,1,0
BRDA:157,14,0,0
BRDA:157,14,1,0
BRDA:161,15,0,0
BRDA:161,15,1,0
BRDA:161,16,0,0
BRDA:161,16,1,0
BRDA:172,17,0,0
BRDA:172,17,1,0
BRDA:176,18,0,0
BRDA:176,18,1,0
BRDA:181,19,0,0
BRDA:181,19,1,0
BRDA:181,20,0,0
BRDA:181,20,1,0
BRDA:182,21,0,0
BRDA:182,21,1,0
BRDA:194,22,0,0
BRDA:194,22,1,0
BRDA:194,23,0,0
BRDA:194,23,1,0
BRDA:198,24,0,0
BRDA:198,24,1,0
BRDA:205,25,0,0
BRDA:205,25,1,0
BRDA:211,26,0,0
BRDA:211,26,1,0
BRDA:243,27,0,0
BRDA:243,27,1,0
BRDA:247,28,0,0
BRDA:247,28,1,0
BRDA:247,29,0,0
BRDA:247,29,1,0
BRDA:256,30,0,0
BRDA:256,30,1,0
BRDA:260,31,0,0
BRDA:260,31,1,0
BRDA:260,31,2,0
BRDA:282,32,0,0
BRDA:282,32,1,0
BRDA:282,32,2,0
BRDA:282,32,3,0
BRDA:284,33,0,0
BRDA:284,33,1,0
BRDA:284,34,0,0
BRDA:284,34,1,0
BRDA:288,35,0,0
BRDA:288,35,1,0
BRDA:291,36,0,0
BRDA:291,36,1,0
BRDA:308,37,0,0
BRDA:308,37,1,0
BRDA:313,38,0,0
BRDA:313,38,1,0
BRDA:324,39,0,0
BRDA:324,39,1,0
BRDA:324,39,2,0
BRDA:328,40,0,0
BRDA:328,40,1,0
BRDA:330,41,0,0
BRDA:330,41,1,0
BRDA:330,42,0,0
BRDA:330,42,1,0
BRDA:336,43,0,0
BRDA:336,43,1,0
BRDA:340,44,0,0
BRDA:340,44,1,0
BRDA:340,45,0,0
BRDA:340,45,1,0
BRDA:347,46,0,0
BRDA:347,46,1,0
BRDA:358,47,0,0
BRDA:358,47,1,0
BRDA:358,48,0,0
BRDA:358,48,1,0
BRDA:388,49,0,0
BRDA:388,49,1,0
BRDA:402,50,0,0
BRDA:402,50,1,0
BRDA:406,51,0,0
BRDA:406,51,1,0
BRDA:408,52,0,0
BRDA:408,52,1,0
BRDA:413,53,0,0
BRDA:413,53,1,0
BRDA:415,54,0,0
BRDA:415,54,1,0
BRDA:416,55,0,0
BRDA:416,55,1,0
BRDA:420,56,0,0
BRDA:420,56,1,0
BRDA:431,57,0,0
BRDA:431,57,1,0
BRDA:437,58,0,0
BRDA:437,58,1,0
BRDA:437,59,0,0
BRDA:437,59,1,0
BRDA:444,60,0,0
BRDA:444,60,1,0
BRDA:450,61,0,0
BRDA:450,61,1,0
BRF:128
BRH:0
end_of_record
TN:
SF:/home/amrit/Documents/amrit/CBWEBD26-9-18/my-projects/medium-mongo/src/public/bootstrap/dist/js/umd/collapse.js
FN:1,(anonymous_0)
FN:13,(anonymous_1)
FN:16,(anonymous_2)
FN:16,defineProperties
FN:16,(anonymous_4)
FN:18,_interopRequireDefault
FN:20,_classCallCheck
FN:31,(anonymous_7)
FN:88,(anonymous_8)
FN:89,Collapse
FN:121,toggle
FN:130,show
FN:180,complete
FN:204,hide
FN:234,complete
FN:250,setTransitioning
FN:255,dispose
FN:269,_getConfig
FN:277,_getDimension
FN:283,_getParent
FN:289,(anonymous_20)
FN:297,_addAriaAndCollapsedClass
FN:312,_getTargetFromElement
FN:318,_jQueryInterface
FN:319,(anonymous_24)
FN:343,get
FN:348,get
FN:356,(anonymous_27)
FN:374,(anonymous_28)
FNF:29
FNH:0
FNDA:0,(anonymous_0)
FNDA:0,(anonymous_1)
FNDA:0,(anonymous_2)
FNDA:0,defineProperties
FNDA:0,(anonymous_4)
FNDA:0,_interopRequireDefault
FNDA:0,_classCallCheck
FNDA:0,(anonymous_7)
FNDA:0,(anonymous_8)
FNDA:0,Collapse
FNDA:0,toggle
FNDA:0,show
FNDA:0,complete
FNDA:0,hide
FNDA:0,complete
FNDA:0,setTransitioning
FNDA:0,dispose
FNDA:0,_getConfig
FNDA:0,_getDimension
FNDA:0,_getParent
FNDA:0,(anonymous_20)
FNDA:0,_addAriaAndCollapsedClass
FNDA:0,_getTargetFromElement
FNDA:0,_jQueryInterface
FNDA:0,(anonymous_24)
FNDA:0,get
FNDA:0,get
FNDA:0,(anonymous_27)
FNDA:0,(anonymous_28)
DA:1,0
DA:2,0
DA:3,0
DA:4,0
DA:5,0
DA:7,0
DA:10,0
DA:11,0
DA:16,0
DA:18,0
DA:20,0
DA:22,0
DA:31,0
DA:39,0
DA:40,0
DA:41,0
DA:42,0
DA:43,0
DA:44,0
DA:45,0
DA:47,0
DA:52,0
DA:57,0
DA:65,0
DA:72,0
DA:77,0
DA:88,0
DA:90,0
DA:92,0
DA:93,0
DA:94,0
DA:95,0
DA:97,0
DA:99,0
DA:100,0
DA:103,0
DA:104,0
DA:116,0
DA:122,0
DA:123,0
DA:125,0
DA:131,0
DA:133,0
DA:134,0
DA:137,0
DA:138,0
DA:140,0
DA:141,0
DA:142,0
DA:143,0
DA:147,0
DA:148,0
DA:149,0
DA:150,0
DA:154,0
DA:155,0
DA:156,0
DA:157,0
DA:160,0
DA:161,0
DA:162,0
DA:163,0
DA:167,0
DA:169,0
DA:171,0
DA:172,0
DA:174,0
DA:175,0
DA:178,0
DA:180,0
DA:181,0
DA:183,0
DA:185,0
DA:187,0
DA:190,0
DA:191,0
DA:192,0
DA:195,0
DA:196,0
DA:198,0
DA:200,0
DA:205,0
DA:207,0
DA:208,0
DA:211,0
DA:212,0
DA:213,0
DA:214,0
DA:217,0
DA:218,0
DA:220,0
DA:222,0
DA:224,0
DA:226,0
DA:228,0
DA:229,0
DA:232,0
DA:234,0
DA:235,0
DA:236,0
DA:239,0
DA:241,0
DA:242,0
DA:243,0
DA:246,0
DA:251,0
DA:256,0
DA:258,0
DA:259,0
DA:260,0
DA:261,0
DA:262,0
DA:270,0
DA:271,0
DA:272,0
DA:273,0
DA:278,0
DA:279,0
DA:284,0
DA:286,0
DA:287,0
DA:289,0
DA:290,0
DA:293,0
DA:298,0
DA:299,0
DA:300,0
DA:302,0
DA:303,0
DA:313,0
DA:314,0
DA:319,0
DA:320,0
DA:321,0
DA:322,0
DA:324,0
DA:325,0
DA:328,0
DA:329,0
DA:330,0
DA:333,0
DA:334,0
DA:335,0
DA:337,0
DA:344,0
DA:349,0
DA:353,0
DA:356,0
DA:357,0
DA:359,0
DA:360,0
DA:361,0
DA:363,0
DA:372,0
DA:373,0
DA:374,0
DA:375,0
DA:376,0
DA:379,0
DA:382,0
LF:160
LH:0
BRDA:2,0,0,0
BRDA:2,0,1,0
BRDA:2,1,0,0
BRDA:2,1,1,0
BRDA:4,2,0,0
BRDA:4,2,1,0
BRDA:4,3,0,0
BRDA:4,3,1,0
BRDA:16,4,0,0
BRDA:16,4,1,0
BRDA:16,5,0,0
BRDA:16,5,1,0
BRDA:16,6,0,0
BRDA:16,6,1,0
BRDA:16,7,0,0
BRDA:16,7,1,0
BRDA:18,8,0,0
BRDA:18,8,1,0
BRDA:18,9,0,0
BRDA:18,9,1,0
BRDA:20,10,0,0
BRDA:20,10,1,0
BRDA:97,11,0,0
BRDA:97,11,1,0
BRDA:99,12,0,0
BRDA:99,12,1,0
BRDA:103,13,0,0
BRDA:103,13,1,0
BRDA:122,14,0,0
BRDA:122,14,1,0
BRDA:133,15,0,0
BRDA:133,15,1,0
BRDA:133,16,0,0
BRDA:133,16,1,0
BRDA:140,17,0,0
BRDA:140,17,1,0
BRDA:142,18,0,0
BRDA:142,18,1,0
BRDA:147,19,0,0
BRDA:147,19,1,0
BRDA:149,20,0,0
BRDA:149,20,1,0
BRDA:149,21,0,0
BRDA:149,21,1,0
BRDA:156,22,0,0
BRDA:156,22,1,0
BRDA:160,23,0,0
BRDA:160,23,1,0
BRDA:162,24,0,0
BRDA:162,24,1,0
BRDA:174,25,0,0
BRDA:174,25,1,0
BRDA:190,26,0,0
BRDA:190,26,1,0
BRDA:207,27,0,0
BRDA:207,27,1,0
BRDA:207,28,0,0
BRDA:207,28,1,0
BRDA:213,29,0,0
BRDA:213,29,1,0
BRDA:218,30,0,0
BRDA:218,30,1,0
BRDA:228,31,0,0
BRDA:228,31,1,0
BRDA:241,32,0,0
BRDA:241,32,1,0
BRDA:279,33,0,0
BRDA:279,33,1,0
BRDA:298,34,0,0
BRDA:298,34,1,0
BRDA:302,35,0,0
BRDA:302,35,1,0
BRDA:314,36,0,0
BRDA:314,36,1,0
BRDA:322,37,0,0
BRDA:322,37,1,0
BRDA:324,38,0,0
BRDA:324,38,1,0
BRDA:324,39,0,0
BRDA:324,39,1,0
BRDA:324,39,2,0
BRDA:328,40,0,0
BRDA:328,40,1,0
BRDA:333,41,0,0
BRDA:333,41,1,0
BRDA:334,42,0,0
BRDA:334,42,1,0
BRDA:361,43,0,0
BRDA:361,43,1,0
BRF:89
BRH:0
end_of_record
TN:
SF:/home/amrit/Documents/amrit/CBWEBD26-9-18/my-projects/medium-mongo/src/public/bootstrap/dist/js/umd/dropdown.js
FN:1,(anonymous_0)
FN:13,(anonymous_1)
FN:16,(anonymous_2)
FN:16,defineProperties
FN:16,(anonymous_4)
FN:18,_interopRequireDefault
FN:20,_classCallCheck
FN:31,(anonymous_7)
FN:78,(anonymous_8)
FN:79,Dropdown
FN:100,toggle
FN:142,dispose
FN:152,_addEventListeners
FN:160,_jQueryInterface
FN:161,(anonymous_14)
FN:178,_clearMenus
FN:215,_getParentFromElement
FN:227,_dataApiKeydownHandler
FN:255,(anonymous_18)
FN:283,get
FN:291,(anonymous_20)
FN:303,(anonymous_21)
FNF:22
FNH:0
FNDA:0,(anonymous_0)
FNDA:0,(anonymous_1)
FNDA:0,(anonymous_2)
FNDA:0,defineProperties
FNDA:0,(anonymous_4)
FNDA:0,_interopRequireDefault
FNDA:0,_classCallCheck
FNDA:0,(anonymous_7)
FNDA:0,(anonymous_8)
FNDA:0,Dropdown
FNDA:0,toggle
FNDA:0,dispose
FNDA:0,_addEventListeners
FNDA:0,_jQueryInterface
FNDA:0,(anonymous_14)
FNDA:0,_clearMenus
FNDA:0,_getParentFromElement
FNDA:0,_dataApiKeydownHandler
FNDA:0,(anonymous_18)
FNDA:0,get
FNDA:0,(anonymous_20)
FNDA:0,(anonymous_21)
DA:1,0
DA:2,0
DA:3,0
DA:4,0
DA:5,0
DA:7,0
DA:10,0
DA:11,0
DA:16,0
DA:18,0
DA:20,0
DA:22,0
DA:31,0
DA:39,0
DA:40,0
DA:41,0
DA:42,0
DA:43,0
DA:44,0
DA:46,0
DA:56,0
DA:62,0
DA:78,0
DA:80,0
DA:82,0
DA:84,0
DA:95,0
DA:101,0
DA:102,0
DA:105,0
DA:106,0
DA:108,0
DA:110,0
DA:111,0
DA:114,0
DA:117,0
DA:118,0
DA:119,0
DA:120,0
DA:123,0
DA:124,0
DA:126,0
DA:128,0
DA:129,0
DA:132,0
DA:133,0
DA:135,0
DA:136,0
DA:138,0
DA:143,0
DA:144,0
DA:145,0
DA:153,0
DA:161,0
DA:162,0
DA:164,0
DA:165,0
DA:168,0
DA:169,0
DA:170,0
DA:172,0
DA:179,0
DA:180,0
DA:183,0
DA:184,0
DA:185,0
DA:188,0
DA:190,0
DA:191,0
DA:192,0
DA:194,0
DA:195,0
DA:198,0
DA:199,0
DA:202,0
DA:203,0
DA:204,0
DA:205,0
DA:208,0
DA:210,0
DA:216,0
DA:217,0
DA:219,0
DA:220,0
DA:223,0
DA:228,0
DA:229,0
DA:232,0
DA:233,0
DA:235,0
DA:236,0
DA:239,0
DA:240,0
DA:242,0
DA:244,0
DA:245,0
DA:246,0
DA:249,0
DA:250,0
DA:253,0
DA:255,0
DA:256,0
DA:259,0
DA:260,0
DA:263,0
DA:265,0
DA:267,0
DA:270,0
DA:272,0
DA:275,0
DA:276,0
DA:279,0
DA:284,0
DA:288,0
DA:291,0
DA:292,0
DA:301,0
DA:302,0
DA:303,0
DA:304,0
DA:305,0
DA:308,0
DA:311,0
LF:123
LH:0
BRDA:2,0,0,0
BRDA:2,0,1,0
BRDA:2,1,0,0
BRDA:2,1,1,0
BRDA:4,2,0,0
BRDA:4,2,1,0
BRDA:4,3,0,0
BRDA:4,3,1,0
BRDA:16,4,0,0
BRDA:16,4,1,0
BRDA:16,5,0,0
BRDA:16,5,1,0
BRDA:16,6,0,0
BRDA:16,6,1,0
BRDA:16,7,0,0
BRDA:16,7,1,0
BRDA:18,8,0,0
BRDA:18,8,1,0
BRDA:18,9,0,0
BRDA:18,9,1,0
BRDA:20,10,0,0
BRDA:20,10,1,0
BRDA:101,11,0,0
BRDA:101,11,1,0
BRDA:101,12,0,0
BRDA:101,12,1,0
BRDA:110,13,0,0
BRDA:110,13,1,0
BRDA:114,14,0,0
BRDA:114,14,1,0
BRDA:114,15,0,0
BRDA:114,15,1,0
BRDA:128,16,0,0
BRDA:128,16,1,0
BRDA:164,17,0,0
BRDA:164,17,1,0
BRDA:168,18,0,0
BRDA:168,18,1,0
BRDA:169,19,0,0
BRDA:169,19,1,0
BRDA:179,20,0,0
BRDA:179,20,1,0
BRDA:179,21,0,0
BRDA:179,21,1,0
BRDA:184,22,0,0
BRDA:184,22,1,0
BRDA:194,23,0,0
BRDA:194,23,1,0
BRDA:198,24,0,0
BRDA:198,24,1,0
BRDA:198,25,0,0
BRDA:198,25,1,0
BRDA:198,25,2,0
BRDA:198,25,3,0
BRDA:204,26,0,0
BRDA:204,26,1,0
BRDA:219,27,0,0
BRDA:219,27,1,0
BRDA:223,28,0,0
BRDA:223,28,1,0
BRDA:228,29,0,0
BRDA:228,29,1,0
BRDA:228,30,0,0
BRDA:228,30,1,0
BRDA:235,31,0,0
BRDA:235,31,1,0
BRDA:235,32,0,0
BRDA:235,32,1,0
BRDA:242,33,0,0
BRDA:242,33,1,0
BRDA:242,34,0,0
BRDA:242,34,1,0
BRDA:242,34,2,0
BRDA:242,34,3,0
BRDA:244,35,0,0
BRDA:244,35,1,0
BRDA:256,36,0,0
BRDA:256,36,1,0
BRDA:259,37,0,0
BRDA:259,37,1,0
BRDA:265,38,0,0
BRDA:265,38,1,0
BRDA:265,39,0,0
BRDA:265,39,1,0
BRDA:270,40,0,0
BRDA:270,40,1,0
BRDA:270,41,0,0
BRDA:270,41,1,0
BRDA:275,42,0,0
BRDA:275,42,1,0
BRF:90
BRH:0
end_of_record
TN:
SF:/home/amrit/Documents/amrit/CBWEBD26-9-18/my-projects/medium-mongo/src/public/bootstrap/dist/js/umd/modal.js
FN:1,(anonymous_0)
FN:13,(anonymous_1)
FN:16,(anonymous_2)
FN:16,defineProperties
FN:16,(anonymous_4)
FN:18,_interopRequireDefault
FN:20,_classCallCheck
FN:31,(anonymous_7)
FN:97,(anonymous_8)
FN:98,Modal
FN:125,toggle
FN:130,show
FN:155,(anonymous_12)
FN:156,(anonymous_13)
FN:167,hide
FN:201,dispose
FN:224,_getConfig
FN:231,_showElement
FN:258,transitionComplete
FN:273,_enforceFocus
FN:277,(anonymous_20)
FN:285,_setEscapeEvent
FN:289,(anonymous_22)
FN:300,_setResizeEvent
FN:309,_hideModal
FN:313,(anonymous_25)
FN:322,_removeBackdrop
FN:330,_showBackdrop
FN:347,(anonymous_28)
FN:381,callbackRemove
FN:405,_handleUpdate
FN:410,_adjustDialog
[...]
FN:2,t
FN:2,(anonymous_39)
FN:2,(anonymous_40)
FN:2,(anonymous_41)
FN:2,(anonymous_42)
FN:2,(anonymous_43)
FN:2,t
FN:2,(anonymous_45)
FN:2,(anonymous_46)
FN:2,t
FN:2,(anonymous_48)
FN:2,(anonymous_49)
FN:2,(anonymous_50)
FN:2,(anonymous_51)
FN:2,(anonymous_52)
FN:2,n
FN:2,(anonymous_54)
FN:2,(anonymous_55)
FN:2,(anonymous_56)
FN:2,(anonymous_57)
FN:2,(anonymous_58)
FN:2,t
FN:2,(anonymous_60)
FN:2,(anonymous_61)
FN:2,(anonymous_62)
FN:2,(anonymous_63)
FN:2,(anonymous_64)
FN:2,(anonymous_65)
FN:2,(anonymous_66)
FN:2,(anonymous_67)
FN:2,(anonymous_68)
FN:2,(anonymous_69)
FN:2,(anonymous_70)
FN:2,(anonymous_71)
FN:2,(anonymous_72)
FN:2,(anonymous_73)
FN:2,(anonymous_74)
FN:2,(anonymous_75)
FN:2,(anonymous_76)
FN:2,(anonymous_77)
FN:2,(anonymous_78)
FN:2,(anonymous_79)
FN:2,(anonymous_80)
FN:2,(anonymous_81)
FN:2,(anonymous_82)
FN:2,(anonymous_83)
FN:2,(anonymous_84)
FN:2,(anonymous_85)
FN:2,(anonymous_86)
FN:2,(anonymous_87)
FN:2,t
FN:2,(anonymous_89)
FN:2,(anonymous_90)
FN:2,(anonymous_91)
FN:2,(anonymous_92)
FN:2,(anonymous_93)
FN:2,(anonymous_94)
FN:2,(anonymous_95)
FN:2,(anonymous_96)
FN:2,(anonymous_97)
FN:2,(anonymous_98)
FN:2,(anonymous_99)
FN:2,(anonymous_100)
FN:2,(anonymous_101)
FN:2,(anonymous_102)
FN:2,(anonymous_103)
FN:2,(anonymous_104)
FN:2,(anonymous_105)
FN:2,(anonymous_106)
FN:2,(anonymous_107)
FN:2,(anonymous_108)
FN:2,(anonymous_109)
FN:2,(anonymous_110)
FN:2,t
FN:2,(anonymous_112)
FN:2,(anonymous_113)
FNF:114
FNH:0
FNDA:0,(anonymous_0)
FNDA:0,(anonymous_1)
FNDA:0,i
FNDA:0,n
FNDA:0,r
FNDA:0,s
FNDA:0,a
FNDA:0,f
FNDA:0,(anonymous_8)
FNDA:0,h
FNDA:0,(anonymous_10)
FNDA:0,l
FNDA:0,(anonymous_12)
FNDA:0,d
FNDA:0,u
FNDA:0,p
FNDA:0,c
FNDA:0,(anonymous_17)
FNDA:0,(anonymous_18)
FNDA:0,i
FNDA:0,g
FNDA:0,m
FNDA:0,v
FNDA:0,(anonymous_23)
FNDA:0,y
FNDA:0,b
FNDA:0,(anonymous_26)
FNDA:0,(anonymous_27)
FNDA:0,(anonymous_28)
FNDA:0,t
FNDA:0,(anonymous_30)
FNDA:0,(anonymous_31)
FNDA:0,(anonymous_32)
FNDA:0,(anonymous_33)
FNDA:0,(anonymous_34)
FNDA:0,(anonymous_35)
FNDA:0,(anonymous_36)
FNDA:0,(anonymous_37)
FNDA:0,t
FNDA:0,(anonymous_39)
FNDA:0,(anonymous_40)
FNDA:0,(anonymous_41)
FNDA:0,(anonymous_42)
FNDA:0,(anonymous_43)
FNDA:0,t
FNDA:0,(anonymous_45)
FNDA:0,(anonymous_46)
FNDA:0,t
FNDA:0,(anonymous_48)
FNDA:0,(anonymous_49)
FNDA:0,(anonymous_50)
FNDA:0,(anonymous_51)
FNDA:0,(anonymous_52)
FNDA:0,n
FNDA:0,(anonymous_54)
FNDA:0,(anonymous_55)
FNDA:0,(anonymous_56)
FNDA:0,(anonymous_57)
FNDA:0,(anonymous_58)
FNDA:0,t
FNDA:0,(anonymous_60)
FNDA:0,(anonymous_61)
FNDA:0,(anonymous_62)
FNDA:0,(anonymous_63)
FNDA:0,(anonymous_64)
FNDA:0,(anonymous_65)
FNDA:0,(anonymous_66)
FNDA:0,(anonymous_67)
FNDA:0,(anonymous_68)
FNDA:0,(anonymous_69)
FNDA:0,(anonymous_70)
FNDA:0,(anonymous_71)
FNDA:0,(anonymous_72)
FNDA:0,(anonymous_73)
FNDA:0,(anonymous_74)
FNDA:0,(anonymous_75)
FNDA:0,(anonymous_76)
FNDA:0,(anonymous_77)
FNDA:0,(anonymous_78)
FNDA:0,(anonymous_79)
FNDA:0,(anonymous_80)
FNDA:0,(anonymous_81)
FNDA:0,(anonymous_82)
FNDA:0,(anonymous_83)
FNDA:0,(anonymous_84)
FNDA:0,(anonymous_85)
FNDA:0,(anonymous_86)
FNDA:0,(anonymous_87)
FNDA:0,t
FNDA:0,(anonymous_89)
FNDA:0,(anonymous_90)
FNDA:0,(anonymous_91)
FNDA:0,(anonymous_92)
FNDA:0,(anonymous_93)
FNDA:0,(anonymous_94)
FNDA:0,(anonymous_95)
FNDA:0,(anonymous_96)
FNDA:0,(anonymous_97)
FNDA:0,(anonymous_98)
FNDA:0,(anonymous_99)
FNDA:0,(anonymous_100)
FNDA:0,(anonymous_101)
FNDA:0,(anonymous_102)
FNDA:0,(anonymous_103)
FNDA:0,(anonymous_104)
FNDA:0,(anonymous_105)
FNDA:0,(anonymous_106)
FNDA:0,(anonymous_107)
FNDA:0,(anonymous_108)
FNDA:0,(anonymous_109)
FNDA:0,(anonymous_110)
FNDA:0,t
FNDA:0,(anonymous_112)
FNDA:0,(anonymous_113)
DA:2,0
LF:1
LH:0
BRDA:2,0,0,0
BRDA:2,0,1,0
BRDA:2,1,0,0
BRDA:2,1,1,0
BRDA:2,2,0,0
BRDA:2,2,1,0
BRDA:2,3,0,0
BRDA:2,3,1,0
BRDA:2,4,0,0
BRDA:2,4,1,0
BRDA:2,5,0,0
BRDA:2,5,1,0
BRDA:2,6,0,0
BRDA:2,6,1,0
BRDA:2,7,0,0
BRDA:2,7,1,0
BRDA:2,8,0,0
BRDA:2,8,1,0
BRDA:2,8,2,0
BRDA:2,9,0,0
BRDA:2,9,1,0
BRDA:2,10,0,0
BRDA:2,10,1,0
BRDA:2,11,0,0
BRDA:2,11,1,0
BRDA:2,12,0,0
BRDA:2,12,1,0
BRDA:2,13,0,0
BRDA:2,13,1,0
BRDA:2,14,0,0
BRDA:2,14,1,0
BRDA:2,15,0,0
BRDA:2,15,1,0
BRDA:2,16,0,0
BRDA:2,16,1,0
BRDA:2,17,0,0
BRDA:2,17,1,0
BRDA:2,18,0,0
BRDA:2,18,1,0
BRDA:2,19,0,0
BRDA:2,19,1,0
BRDA:2,20,0,0
BRDA:2,20,1,0
BRDA:2,21,0,0
BRDA:2,21,1,0
BRDA:2,22,0,0
BRDA:2,22,1,0
BRDA:2,23,0,0
BRDA:2,23,1,0
BRDA:2,24,0,0
BRDA:2,24,1,0
BRDA:2,24,2,0
BRDA:2,25,0,0
BRDA:2,25,1,0
BRDA:2,26,0,0
BRDA:2,26,1,0
BRDA:2,27,0,0
BRDA:2,27,1,0
BRDA:2,28,0,0
BRDA:2,28,1,0
BRDA:2,29,0,0
BRDA:2,29,1,0
BRDA:2,30,0,0
BRDA:2,30,1,0
BRDA:2,31,0,0
BRDA:2,31,1,0
BRDA:2,32,0,0
BRDA:2,32,1,0
BRDA:2,33,0,0
BRDA:2,33,1,0
BRDA:2,34,0,0
BRDA:2,34,1,0
BRDA:2,34,2,0
BRDA:2,35,0,0
BRDA:2,35,1,0
BRDA:2,35,2,0
BRDA:2,36,0,0
BRDA:2,36,1,0
BRDA:2,37,0,0
BRDA:2,37,1,0
BRDA:2,38,0,0
BRDA:2,38,1,0
BRDA:2,39,0,0
BRDA:2,39,1,0
BRDA:2,40,0,0
BRDA:2,40,1,0
BRDA:2,41,0,0
BRDA:2,41,1,0
BRDA:2,42,0,0
BRDA:2,42,1,0
BRDA:2,43,0,0
BRDA:2,43,1,0
BRDA:2,44,0,0
BRDA:2,44,1,0
BRDA:2,45,0,0
BRDA:2,45,1,0
BRDA:2,46,0,0
BRDA:2,46,1,0
BRDA:2,47,0,0
BRDA:2,47,1,0
BRDA:2,48,0,0
BRDA:2,48,1,0
BRDA:2,49,0,0
BRDA:2,49,1,0
BRDA:2,50,0,0
BRDA:2,50,1,0
BRDA:2,51,0,0
BRDA:2,51,1,0
BRDA:2,52,0,0
BRDA:2,52,1,0
BRDA:2,53,0,0
BRDA:2,53,1,0
BRDA:2,54,0,0
BRDA:2,54,1,0
BRDA:2,55,0,0
BRDA:2,55,1,0
BRDA:2,56,0,0
BRDA:2,56,1,0
BRDA:2,57,0,0
BRDA:2,57,1,0
BRDA:2,58,0,0
BRDA:2,58,1,0
BRDA:2,59,0,0
BRDA:2,59,1,0
BRDA:2,60,0,0
BRDA:2,60,1,0
BRDA:2,61,0,0
BRDA:2,61,1,0
BRDA:2,62,0,0
BRDA:2,62,1,0
BRDA:2,63,0,0
BRDA:2,63,1,0
BRDA:2,63,2,0
BRDA:2,64,0,0
BRDA:2,64,1,0
BRDA:2,65,0,0
BRDA:2,65,1,0
BRDA:2,66,0,0
BRDA:2,66,1,0
BRDA:2,67,0,0
BRDA:2,67,1,0
BRDA:2,68,0,0
BRDA:2,68,1,0
BRDA:2,69,0,0
BRDA:2,69,1,0
BRDA:2,70,0,0
BRDA:2,70,1,0
BRDA:2,71,0,0
BRDA:2,71,1,0
BRDA:2,72,0,0
BRDA:2,72,1,0
BRDA:2,73,0,0
BRDA:2,73,1,0
BRDA:2,74,0,0
BRDA:2,74,1,0
BRDA:2,75,0,0
BRDA:2,75,1,0
BRDA:2,75,2,0
BRDA:2,76,0,0
BRDA:2,76,1,0
BRDA:2,77,0,0
BRDA:2,77,1,0
BRDA:2,78,0,0
BRDA:2,78,1,0
BRDA:2,79,0,0
BRDA:2,79,1,0
BRDA:2,80,0,0
BRDA:2,80,1,0
BRDA:2,81,0,0
BRDA:2,81,1,0
BRDA:2,82,0,0
BRDA:2,82,1,0
BRDA:2,83,0,0
BRDA:2,83,1,0
BRDA:2,84,0,0
BRDA:2,84,1,0
BRDA:2,85,0,0
BRDA:2,85,1,0
BRDA:2,86,0,0
BRDA:2,86,1,0
BRDA:2,87,0,0
BRDA:2,87,1,0
BRDA:2,88,0,0
BRDA:2,88,1,0
BRDA:2,89,0,0
BRDA:2,89,1,0
BRDA:2,90,0,0
BRDA:2,90,1,0
BRDA:2,91,0,0
BRDA:2,91,1,0
BRDA:2,92,0,0
BRDA:2,92,1,0
BRDA:2,93,0,0
BRDA:2,93,1,0
BRDA:2,94,0,0
BRDA:2,94,1,0
BRDA:2,95,0,0
BRDA:2,95,1,0
BRDA:2,96,0,0
BRDA:2,96,1,0
BRDA:2,97,0,0
BRDA:2,97,1,0
BRDA:2,98,0,0
BRDA:2,98,1,0
BRDA:2,99,0,0
BRDA:2,99,1,0
BRDA:2,100,0,0
BRDA:2,100,1,0
BRDA:2,101,0,0
BRDA:2,101,1,0
BRDA:2,102,0,0
BRDA:2,102,1,0
BRDA:2,103,0,0
BRDA:2,103,1,0
BRDA:2,104,0,0
BRDA:2,104,1,0
BRDA:2,105,0,0
BRDA:2,105,1,0
BRDA:2,106,0,0
BRDA:2,106,1,0
BRDA:2,106,2,0
BRDA:2,107,0,0
BRDA:2,107,1,0
BRDA:2,108,0,0
BRDA:2,108,1,0
BRDA:2,108,2,0
BRDA:2,109,0,0
BRDA:2,109,1,0
BRDA:2,110,0,0
BRDA:2,110,1,0
BRDA:2,111,0,0
BRDA:2,111,1,0
BRDA:2,112,0,0
BRDA:2,112,1,0
BRDA:2,113,0,0
BRDA:2,113,1,0
BRDA:2,114,0,0
BRDA:2,114,1,0
BRDA:2,115,0,0
BRDA:2,115,1,0
BRDA:2,116,0,0
BRDA:2,116,1,0
BRDA:2,117,0,0
BRDA:2,117,1,0
BRDA:2,118,0,0
BRDA:2,118,1,0
BRDA:2,119,0,0
BRDA:2,119,1,0
BRDA:2,120,0,0
BRDA:2,120,1,0
BRDA:2,121,0,0
BRDA:2,121,1,0
BRDA:2,122,0,0
BRDA:2,122,1,0
BRDA:2,122,2,0
BRDA:2,123,0,0
BRDA:2,123,1,0
BRDA:2,124,0,0
BRDA:2,124,1,0
BRDA:2,125,0,0
BRDA:2,125,1,0
BRDA:2,126,0,0
BRDA:2,126,1,0
BRDA:2,127,0,0
BRDA:2,127,1,0
BRDA:2,128,0,0
BRDA:2,128,1,0
BRDA:2,129,0,0
BRDA:2,129,1,0
BRDA:2,130,0,0
BRDA:2,130,1,0
BRDA:2,131,0,0
BRDA:2,131,1,0
BRDA:2,132,0,0
BRDA:2,132,1,0
BRDA:2,133,0,0
BRDA:2,133,1,0
BRDA:2,134,0,0
BRDA:2,134,1,0
BRDA:2,134,2,0
BRDA:2,135,0,0
BRDA:2,135,1,0
BRDA:2,136,0,0
BRDA:2,136,1,0
BRDA:2,136,2,0
BRDA:2,137,0,0
BRDA:2,137,1,0
BRDA:2,138,0,0
BRDA:2,138,1,0
BRDA:2,139,0,0
BRDA:2,139,1,0
BRDA:2,139,2,0
BRDA:2,140,0,0
BRDA:2,140,1,0
BRDA:2,140,2,0
BRDA:2,140,3,0
BRDA:2,141,0,0
BRDA:2,141,1,0
BRDA:2,142,0,0
BRDA:2,142,1,0
BRDA:2,142,2,0
BRDA:2,142,3,0
BRDA:2,143,0,0
BRDA:2,143,1,0
BRDA:2,144,0,0
BRDA:2,144,1,0
BRDA:2,145,0,0
BRDA:2,145,1,0
BRDA:2,146,0,0
BRDA:2,146,1,0
BRDA:2,147,0,0
BRDA:2,147,1,0
BRDA:2,148,0,0
BRDA:2,148,1,0
BRDA:2,149,0,0
BRDA:2,149,1,0
BRDA:2,150,0,0
BRDA:2,150,1,0
BRDA:2,151,0,0
BRDA:2,151,1,0
BRDA:2,152,0,0
BRDA:2,152,1,0
BRDA:2,153,0,0
BRDA:2,153,1,0
BRDA:2,154,0,0
BRDA:2,154,1,0
BRDA:2,155,0,0
BRDA:2,155,1,0
BRDA:2,156,0,0
BRDA:2,156,1,0
BRDA:2,157,0,0
BRDA:2,157,1,0
BRDA:2,158,0,0
BRDA:2,158,1,0
BRDA:2,158,2,0
BRDA:2,158,3,0
BRDA:2,159,0,0
BRDA:2,159,1,0
BRDA:2,160,0,0
BRDA:2,160,1,0
BRDA:2,160,2,0
BRDA:2,160,3,0
BRDA:2,161,0,0
BRDA:2,161,1,0
BRDA:2,162,0,0
BRDA:2,162,1,0
BRDA:2,162,2,0
BRDA:2,163,0,0
BRDA:2,163,1,0
BRDA:2,164,0,0
BRDA:2,164,1,0
BRDA:2,165,0,0
BRDA:2,165,1,0
BRDA:2,166,0,0
BRDA:2,166,1,0
BRDA:2,167,0,0
BRDA:2,167,1,0
BRDA:2,167,2,0
BRDA:2,167,3,0
BRDA:2,168,0,0
BRDA:2,168,1,0
BRDA:2,169,0,0
BRDA:2,169,1,0
BRDA:2,170,0,0
BRDA:2,170,1,0
BRDA:2,171,0,0
BRDA:2,171,1,0
BRDA:2,172,0,0
BRDA:2,172,1,0
BRDA:2,172,2,0
BRDA:2,173,0,0
BRDA:2,173,1,0
BRDA:2,174,0,0
BRDA:2,174,1,0
BRDA:2,175,0,0
BRDA:2,175,1,0
BRDA:2,176,0,0
BRDA:2,176,1,0
BRDA:2,177,0,0
BRDA:2,177,1,0
BRDA:2,178,0,0
BRDA:2,178,1,0
BRDA:2,178,2,0
BRDA:2,179,0,0
BRDA:2,179,1,0
BRDA:2,180,0,0
BRDA:2,180,1,0
BRDA:2,181,0,0
BRDA:2,181,1,0
BRDA:2,182,0,0
BRDA:2,182,1,0
BRDA:2,183,0,0
BRDA:2,183,1,0
BRDA:2,183,2,0
BRDA:2,184,0,0
BRDA:2,184,1,0
BRDA:2,184,2,0
BRDA:2,185,0,0
BRDA:2,185,1,0
BRDA:2,185,2,0
BRDA:2,186,0,0
BRDA:2,186,1,0
BRDA:2,187,0,0
BRDA:2,187,1,0
BRDA:2,187,2,0
BRDA:2,188,0,0
BRDA:2,188,1,0
BRDA:2,189,0,0
BRDA:2,189,1,0
BRDA:2,190,0,0
BRDA:2,190,1,0
BRDA:2,190,2,0
BRDA:2,191,0,0
BRDA:2,191,1,0
BRDA:2,192,0,0
BRDA:2,192,1,0
BRDA:2,193,0,0
BRDA:2,193,1,0
BRDA:2,194,0,0
BRDA:2,194,1,0
BRDA:2,195,0,0
BRDA:2,195,1,0
BRDA:2,196,0,0
BRDA:2,196,1,0
BRDA:2,196,2,0
BRDA:2,197,0,0
BRDA:2,197,1,0
BRDA:2,197,2,0
BRDA:2,198,0,0
BRDA:2,198,1,0
BRDA:2,198,2,0
BRDA:2,199,0,0
BRDA:2,199,1,0
BRDA:2,199,2,0
BRDA:2,200,0,0
BRDA:2,200,1,0
BRDA:2,201,0,0
BRDA:2,201,1,0
BRDA:2,202,0,0
BRDA:2,202,1,0
BRDA:2,203,0,0
BRDA:2,203,1,0
BRDA:2,204,0,0
BRDA:2,204,1,0
BRDA:2,205,0,0
BRDA:2,205,1,0
BRDA:2,206,0,0
BRDA:2,206,1,0
BRDA:2,207,0,0
BRDA:2,207,1,0
BRDA:2,208,0,0
BRDA:2,208,1,0
BRDA:2,209,0,0
BRDA:2,209,1,0
BRDA:2,210,0,0
BRDA:2,210,1,0
BRDA:2,211,0,0
BRDA:2,211,1,0
BRDA:2,212,0,0
BRDA:2,212,1,0
BRDA:2,212,2,0
BRDA:2,213,0,0
BRDA:2,213,1,0
BRDA:2,213,2,0
BRDA:2,214,0,0
BRDA:2,214,1,0
BRDA:2,214,2,0
BRDA:2,215,0,0
BRDA:2,215,1,0
BRDA:2,215,2,0
BRDA:2,216,0,0
BRDA:2,216,1,0
BRDA:2,216,2,0
BRDA:2,217,0,0
BRDA:2,217,1,0
BRDA:2,217,2,0
BRDA:2,218,0,0
BRDA:2,218,1,0
BRDA:2,218,2,0
BRDA:2,219,0,0
BRDA:2,219,1,0
BRDA:2,220,0,0
BRDA:2,220,1,0
BRDA:2,221,0,0
BRDA:2,221,1,0
BRDA:2,222,0,0
BRDA:2,222,1,0
BRDA:2,223,0,0
BRDA:2,223,1,0
BRDA:2,224,0,0
BRDA:2,224,1,0
BRDA:2,225,0,0
BRDA:2,225,1,0
BRDA:2,226,0,0
BRDA:2,226,1,0
BRDA:2,227,0,0
BRDA:2,227,1,0
BRDA:2,228,0,0
BRDA:2,228,1,0
BRDA:2,229,0,0
BRDA:2,229,1,0
BRDA:2,230,0,0
BRDA:2,230,1,0
BRDA:2,231,0,0
BRDA:2,231,1,0
BRDA:2,232,0,0
BRDA:2,232,1,0
BRDA:2,233,0,0
BRDA:2,233,1,0
BRDA:2,234,0,0
BRDA:2,234,1,0
BRDA:2,234,2,0
BRDA:2,235,0,0
BRDA:2,235,1,0
BRDA:2,235,2,0
BRDA:2,236,0,0
BRDA:2,236,1,0
BRDA:2,236,2,0
BRDA:2,236,3,0
BRDA:2,236,4,0
BRDA:2,237,0,0
BRDA:2,237,1,0
BRDA:2,238,0,0
BRDA:2,238,1,0
BRDA:2,238,2,0
BRDA:2,239,0,0
BRDA:2,239,1,0
BRDA:2,239,2,0
BRDA:2,240,0,0
BRDA:2,240,1,0
BRDA:2,240,2,0
BRDA:2,241,0,0
BRDA:2,241,1,0
BRDA:2,241,2,0
BRDA:2,242,0,0
BRDA:2,242,1,0
BRDA:2,243,0,0
BRDA:2,243,1,0
BRDA:2,244,0,0
BRDA:2,244,1,0
BRDA:2,245,0,0
BRDA:2,245,1,0
BRDA:2,246,0,0
BRDA:2,246,1,0
BRDA:2,246,2,0
BRDA:2,247,0,0
BRDA:2,247,1,0
BRDA:2,248,0,0
BRDA:2,248,1,0
BRDA:2,249,0,0
BRDA:2,249,1,0
BRDA:2,250,0,0
BRDA:2,250,1,0
BRDA:2,251,0,0
BRDA:2,251,1,0
BRDA:2,252,0,0
BRDA:2,252,1,0
BRDA:2,253,0,0
BRDA:2,253,1,0
BRF:559
BRH:0
end_of_record
TN:
SF:/home/amrit/Documents/amrit/CBWEBD26-9-18/my-projects/medium-mongo/src/public/pages/index.js
FN:1,fetchglobal
FN:3,(anonymous_1)
FN:8,(anonymous_2)
FN:12,display
FNF:4
FNH:0
FNDA:0,fetchglobal
FNDA:0,(anonymous_1)
FNDA:0,(anonymous_2)
FNDA:0,display
DA:3,0
DA:4,0
DA:8,0
DA:9,0
DA:13,0
DA:15,0
DA:16,0
DA:17,0
DA:18,0
DA:19,0
DA:22,0
DA:24,0
DA:47,0
LF:13
LH:0
BRF:0
BRH:0
end_of_record
TN:
SF:/home/amrit/Documents/amrit/CBWEBD26-9-18/my-projects/medium-mongo/src/public/pages/myfeed.js
FN:1,fetchlocal
FN:3,(anonymous_1)
FN:8,(anonymous_2)
FN:12,display
FNF:4
FNH:0
FNDA:0,fetchlocal
FNDA:0,(anonymous_1)
FNDA:0,(anonymous_2)
FNDA:0,display
DA:3,0
DA:4,0
DA:8,0
DA:9,0
DA:13,0
DA:15,0
DA:16,0
DA:17,0
DA:18,0
DA:19,0
DA:22,0
DA:24,0
DA:47,0
LF:13
LH:0
BRF:0
BRH:0
end_of_record
TN:
SF:/home/amrit/Documents/amrit/CBWEBD26-9-18/my-projects/medium-mongo/src/routes/api/auth.js
FN:11,(anonymous_0)
FNF:1
FNH:0
FNDA:0,(anonymous_0)
DA:1,0
DA:3,0
DA:11,0
DA:12,0
DA:13,0
DA:17,0
LF:6
LH:0
BRF:0
BRH:0
end_of_record
TN:
SF:/home/amrit/Documents/amrit/CBWEBD26-9-18/my-projects/medium-mongo/src/routes/api/index.js
FNF:0
FNH:0
DA:1,0
DA:3,0
DA:5,0
DA:6,0
DA:7,0
DA:8,0
DA:9,0
DA:10,0
DA:12,0
LF:9
LH:0
BRF:0
BRH:0
end_of_record
TN:
SF:/home/amrit/Documents/amrit/CBWEBD26-9-18/my-projects/medium-mongo/src/routes/api/profiles.js
FN:9,(anonymous_0)
FN:11,(anonymous_1)
FN:20,(anonymous_2)
FN:23,(anonymous_3)
FN:33,(anonymous_4)
FN:35,(anonymous_5)
FN:39,(anonymous_6)
FN:49,(anonymous_7)
FN:50,(anonymous_8)
FN:51,(anonymous_9)
FNF:10
FNH:0
FNDA:0,(anonymous_0)
FNDA:0,(anonymous_1)
FNDA:0,(anonymous_2)
FNDA:0,(anonymous_3)
FNDA:0,(anonymous_4)
FNDA:0,(anonymous_5)
FNDA:0,(anonymous_6)
FNDA:0,(anonymous_7)
FNDA:0,(anonymous_8)
FNDA:0,(anonymous_9)
DA:1,0
DA:2,0
DA:3,0
DA:4,0
DA:5,0
DA:9,0
DA:10,0
DA:11,0
DA:12,0
DA:14,0
DA:16,0
DA:20,0
DA:21,0
DA:22,0
DA:23,0
DA:24,0
DA:26,0
DA:29,0
DA:33,0
DA:35,0
DA:36,0
DA:37,0
DA:39,0
DA:41,0
DA:49,0
DA:50,0
DA:51,0
DA:52,0
DA:57,0
LF:29
LH:0
BRDA:12,0,0,0
BRDA:12,0,1,0
BRDA:22,1,0,0
BRDA:22,1,1,0
BRDA:24,2,0,0
BRDA:24,2,1,0
BRDA:36,3,0,0
BRDA:36,3,1,0
BRF:8
BRH:0
end_of_record
TN:
SF:/home/amrit/Documents/amrit/CBWEBD26-9-18/my-projects/medium-mongo/src/routes/api/tags.js
FN:7,(anonymous_0)
FN:8,(anonymous_1)
FNF:2
FNH:0
FNDA:0,(anonymous_0)
FNDA:0,(anonymous_1)
DA:1,0
DA:3,0
DA:4,0
DA:5,0
DA:7,0
DA:8,0
DA:9,0
DA:13,0
LF:8
LH:0
BRF:0
BRH:0
end_of_record
TN:
SF:/home/amrit/Documents/amrit/CBWEBD26-9-18/my-projects/medium-mongo/src/routes/api/user.js
FN:9,(anonymous_0)
FN:10,(anonymous_1)
FN:17,(anonymous_2)
FN:18,(anonymous_3)
FN:37,(anonymous_4)
FNF:5
FNH:0
FNDA:0,(anonymous_0)
FNDA:0,(anonymous_1)
FNDA:0,(anonymous_2)
FNDA:0,(anonymous_3)
FNDA:0,(anonymous_4)
DA:1,0
DA:2,0
DA:3,0
DA:5,0
DA:7,0
DA:9,0
DA:10,0
DA:11,0
DA:13,0
DA:17,0
DA:18,0
DA:19,0
DA:21,0
DA:22,0
DA:24,0
DA:25,0
DA:27,0
DA:28,0
DA:30,0
DA:31,0
DA:33,0
DA:34,0
DA:37,0
DA:38,0
DA:43,0
LF:25
LH:0
BRDA:11,0,0,0
BRDA:11,0,1,0
BRDA:19,1,0,0
BRDA:19,1,1,0
BRDA:21,2,0,0
BRDA:21,2,1,0
BRDA:24,3,0,0
BRDA:24,3,1,0
BRDA:27,4,0,0
BRDA:27,4,1,0
BRDA:30,5,0,0
BRDA:30,5,1,0
BRDA:33,6,0,0
BRDA:33,6,1,0
BRF:14
BRH:0
end_of_record
TN:
SF:/home/amrit/Documents/amrit/CBWEBD26-9-18/my-projects/medium-mongo/src/routes/api/users.js
FN:11,(anonymous_0)
FN:22,(anonymous_1)
FN:39,(anonymous_2)
FN:52,(anonymous_3)
FN:55,(anonymous_4)
FN:64,(anonymous_5)
FN:70,(anonymous_6)
FNF:7
FNH:0
FNDA:0,(anonymous_0)
FNDA:0,(anonymous_1)
FNDA:0,(anonymous_2)
FNDA:0,(anonymous_3)
FNDA:0,(anonymous_4)
FNDA:0,(anonymous_5)
FNDA:0,(anonymous_6)
DA:1,0
DA:3,0
DA:4,0
DA:5,0
DA:7,0
DA:11,0
DA:13,0
DA:14,0
DA:15,0
DA:18,0
DA:19,0
DA:22,0
DA:23,0
DA:25,0
DA:26,0
DA:30,0
DA:32,0
DA:39,0
DA:40,0
DA:42,0
DA:46,0
DA:47,0
DA:48,0
DA:49,0
DA:50,0
DA:51,0
DA:52,0
DA:53,0
DA:54,0
DA:56,0
DA:60,0
DA:64,0
DA:66,0
DA:68,0
DA:72,0
DA:74,0
DA:82,0
DA:86,0
LF:38
LH:0
BRDA:14,0,0,0
BRDA:14,0,1,0
BRDA:18,1,0,0
BRDA:18,1,1,0
BRDA:23,2,0,0
BRDA:23,2,1,0
BRDA:25,3,0,0
BRDA:25,3,1,0
BRDA:66,4,0,0
BRDA:66,4,1,0
BRF:10
BRH:0
end_of_record
TN:
SF:/home/amrit/Documents/amrit/CBWEBD26-9-18/my-projects/medium-mongo/src/routes/api/articles/index.js
FN:11,(anonymous_0)
FN:15,(anonymous_1)
FN:27,(anonymous_2)
FN:29,(anonymous_3)
FN:38,(anonymous_4)
FN:51,(anonymous_5)
FN:61,(anonymous_6)
FN:66,(anonymous_7)
FN:75,(anonymous_8)
FN:76,(anonymous_9)
FN:82,(anonymous_10)
FN:94,(anonymous_11)
FN:101,(anonymous_12)
FN:110,(anonymous_13)
FN:112,(anonymous_14)
FN:125,(anonymous_15)
FN:138,(anonymous_16)
FN:139,(anonymous_17)
FN:141,(anonymous_18)
FN:155,(anonymous_19)
FN:158,(anonymous_20)
FN:168,(anonymous_21)
FN:176,(anonymous_22)
FN:178,(anonymous_23)
FN:191,(anonymous_24)
FN:193,(anonymous_25)
FN:202,(anonymous_26)
FN:203,(anonymous_27)
FN:209,(anonymous_28)
FN:220,(anonymous_29)
FN:221,(anonymous_30)
FN:225,(anonymous_31)
FN:226,(anonymous_32)
FN:235,(anonymous_33)
FN:236,(anonymous_34)
FN:240,(anonymous_35)
FN:241,(anonymous_36)
FN:251,(anonymous_37)
FN:272,(anonymous_38)
FN:296,(anonymous_39)
FN:304,(anonymous_40)
FNF:41
FNH:0
FNDA:0,(anonymous_0)
FNDA:0,(anonymous_1)
FNDA:0,(anonymous_2)
FNDA:0,(anonymous_3)
FNDA:0,(anonymous_4)
FNDA:0,(anonymous_5)
FNDA:0,(anonymous_6)
FNDA:0,(anonymous_7)
FNDA:0,(anonymous_8)
FNDA:0,(anonymous_9)
FNDA:0,(anonymous_10)
FNDA:0,(anonymous_11)
FNDA:0,(anonymous_12)
FNDA:0,(anonymous_13)
FNDA:0,(anonymous_14)
FNDA:0,(anonymous_15)
FNDA:0,(anonymous_16)
FNDA:0,(anonymous_17)
FNDA:0,(anonymous_18)
FNDA:0,(anonymous_19)
FNDA:0,(anonymous_20)
FNDA:0,(anonymous_21)
FNDA:0,(anonymous_22)
FNDA:0,(anonymous_23)
FNDA:0,(anonymous_24)
FNDA:0,(anonymous_25)
FNDA:0,(anonymous_26)
FNDA:0,(anonymous_27)
FNDA:0,(anonymous_28)
FNDA:0,(anonymous_29)
FNDA:0,(anonymous_30)
FNDA:0,(anonymous_31)
FNDA:0,(anonymous_32)
FNDA:0,(anonymous_33)
FNDA:0,(anonymous_34)
FNDA:0,(anonymous_35)
FNDA:0,(anonymous_36)
FNDA:0,(anonymous_37)
FNDA:0,(anonymous_38)
FNDA:0,(anonymous_39)
FNDA:0,(anonymous_40)
DA:1,0
DA:2,0
DA:3,0
DA:4,0
DA:5,0
DA:6,0
DA:7,0
DA:11,0
DA:12,0
DA:13,0
DA:16,0
DA:17,0
DA:20,0
DA:22,0
DA:27,0
DA:28,0
DA:29,0
DA:30,0
DA:32,0
DA:33,0
DA:38,0
DA:39,0
DA:41,0
DA:43,0
DA:44,0
DA:47,0
DA:48,0
DA:51,0
DA:52,0
DA:54,0
DA:62,0
DA:63,0
DA:65,0
DA:67,0
DA:75,0
DA:76,0
DA:77,0
DA:79,0
DA:80,0
DA:81,0
DA:82,0
DA:83,0
DA:84,0
DA:94,0
DA:95,0
DA:96,0
DA:103,0
DA:104,0
DA:106,0
DA:110,0
DA:111,0
DA:112,0
DA:113,0
DA:115,0
DA:116,0
DA:118,0
DA:119,0
DA:121,0
DA:122,0
DA:125,0
DA:126,0
DA:131,0
DA:138,0
DA:139,0
DA:140,0
DA:141,0
DA:142,0
DA:143,0
DA:147,0
DA:155,0
DA:156,0
DA:158,0
DA:159,0
DA:161,0
DA:162,0
DA:163,0
DA:164,0
DA:166,0
DA:168,0
DA:169,0
DA:176,0
DA:177,0
DA:181,0
DA:192,0
DA:194,0
DA:202,0
DA:203,0
DA:204,0
DA:205,0
DA:207,0
DA:209,0
DA:213,0
DA:220,0
DA:221,0
DA:222,0
DA:223,0
DA:225,0
DA:226,0
DA:227,0
DA:235,0
DA:236,0
DA:237,0
DA:238,0
DA:240,0
DA:241,0
DA:242,0
DA:251,0
DA:252,0
DA:253,0
DA:254,0
DA:256,0
DA:257,0
DA:260,0
DA:261,0
DA:264,0
DA:265,0
DA:268,0
DA:273,0
DA:274,0
DA:276,0
DA:277,0
DA:279,0
DA:280,0
DA:282,0
DA:283,0
DA:286,0
DA:297,0
DA:298,0
DA:299,0
DA:301,0
DA:303,0
DA:305,0
DA:321,0
LF:133
LH:0
BRDA:16,0,0,0
BRDA:16,0,1,0
BRDA:30,1,0,0
BRDA:30,1,1,0
BRDA:43,2,0,0
BRDA:43,2,1,0
BRDA:47,3,0,0
BRDA:47,3,1,0
BRDA:52,4,0,0
BRDA:52,4,1,0
BRDA:77,5,0,0
BRDA:77,5,1,0
BRDA:98,6,0,0
BRDA:98,6,1,0
BRDA:113,7,0,0
BRDA:113,7,1,0
BRDA:115,8,0,0
BRDA:115,8,1,0
BRDA:118,9,0,0
BRDA:118,9,1,0
BRDA:121,10,0,0
BRDA:121,10,1,0
BRDA:140,11,0,0
BRDA:140,11,1,0
BRDA:159,12,0,0
BRDA:159,12,1,0
BRDA:177,13,0,0
BRDA:177,13,1,0
BRDA:204,14,0,0
BRDA:204,14,1,0
BRDA:222,15,0,0
BRDA:222,15,1,0
BRDA:237,16,0,0
BRDA:237,16,1,0
BRDA:256,17,0,0
BRDA:256,17,1,0
BRDA:260,18,0,0
BRDA:260,18,1,0
BRDA:264,19,0,0
BRDA:264,19,1,0
BRDA:269,20,0,0
BRDA:269,20,1,0
BRDA:270,21,0,0
BRDA:270,21,1,0
BRDA:276,22,0,0
BRDA:276,22,1,0
BRDA:279,23,0,0
BRDA:279,23,1,0
BRDA:282,24,0,0
BRDA:282,24,1,0
BRDA:294,25,0,0
BRDA:294,25,1,0
BRF:52
BRH:0
end_of_record
TN:
SF:/home/amrit/Documents/amrit/CBWEBD26-9-18/my-projects/medium-mongo/src/utils/jwt.js
FN:5,createJwt
FN:10,verifyJwt
FNF:2
FNH:0
FNDA:0,createJwt
FNDA:0,verifyJwt
DA:1,0
DA:3,0
DA:6,0
DA:7,0
DA:11,0
DA:12,0
DA:15,0
LF:7
LH:0
BRF:0
BRH:0
end_of_record
